#
# There is insufficient memory for the Java Runtime Environment to continue.
# Native memory allocation (malloc) failed to allocate 3087536 bytes for Chunk::new
# Possible reasons:
#   The system is out of physical RAM or swap space
#   The process is running with CompressedOops enabled, and the Java Heap may be blocking the growth of the native heap
# Possible solutions:
#   Reduce memory load on the system
#   Increase physical memory or swap space
#   Check if swap backing store is full
#   Decrease Java heap size (-Xmx/-Xms)
#   Decrease number of Java threads
#   Decrease Java thread stack sizes (-Xss)
#   Set larger code cache with -XX:ReservedCodeCacheSize=
#   JVM is running with Zero Based Compressed Oops mode in which the Java heap is
#     placed in the first 32GB address space. The Java Heap base address is the
#     maximum limit for the native heap growth. Please use -XX:HeapBaseMinAddress
#     to set the Java Heap base and to place the Java Heap above 32GB virtual address.
# This output file may be truncated or incomplete.
#
#  Out of Memory Error (allocation.cpp:389), pid=8528, tid=0x0000000000000bfc
#
# JRE version: Java(TM) SE Runtime Environment (8.0_311-b11) (build 1.8.0_311-b11)
# Java VM: Java HotSpot(TM) 64-Bit Server VM (25.311-b11 mixed mode windows-amd64 compressed oops)
# Failed to write core dump. Minidumps are not enabled by default on client versions of Windows
#

---------------  T H R E A D  ---------------

Current thread (0x000001d2ef57b000):  JavaThread "C2 CompilerThread1" daemon [_thread_in_native, id=3068, stack(0x000000652c500000,0x000000652c600000)]

Stack: [0x000000652c500000,0x000000652c600000]
Native frames: (J=compiled Java code, j=interpreted, Vv=VM code, C=native code)
V  [jvm.dll+0x32f239]
V  [jvm.dll+0x275882]
V  [jvm.dll+0x27652d]
V  [jvm.dll+0x26cf65]
V  [jvm.dll+0xd558c]
V  [jvm.dll+0xd5d8c]
V  [jvm.dll+0x470b13]
V  [jvm.dll+0x438210]
V  [jvm.dll+0x441215]
V  [jvm.dll+0x4405d5]
V  [jvm.dll+0x42b38b]
V  [jvm.dll+0xac22b]
V  [jvm.dll+0xaa88b]
V  [jvm.dll+0x23df22]
V  [jvm.dll+0x29253c]
C  [ucrtbase.dll+0x20369]
C  [KERNEL32.DLL+0x12774]
C  [ntdll.dll+0x70d61]


Current CompileTask:
C2:   8796 3153       4       org.apache.xbean.asm7.ClassReader::readCode (5089 bytes)


---------------  P R O C E S S  ---------------

Java Threads: ( => current thread )
  0x000001d2fafcb000 JavaThread "streaming-job-executor-0" daemon [_thread_blocked, id=22176, stack(0x000000652f900000,0x000000652fa00000)]
  0x000001d2fafcb800 JavaThread "RecurringTimer - JobGenerator" daemon [_thread_blocked, id=19160, stack(0x000000652f800000,0x000000652f900000)]
  0x000001d2fafc3800 JavaThread "kafka-coordinator-heartbeat-thread | ODS_BASE_DB_MAXWELL_group" daemon [_thread_blocked, id=23056, stack(0x000000652f700000,0x000000652f800000)]
  0x000001d2fafc8800 JavaThread "scala-execution-context-global-60" daemon [_thread_blocked, id=18692, stack(0x000000652f600000,0x000000652f700000)]
  0x000001d2fafc4000 JavaThread "JobGenerator" daemon [_thread_blocked, id=4308, stack(0x000000652f500000,0x000000652f600000)]
  0x000001d2fafc5000 JavaThread "JobScheduler" daemon [_thread_blocked, id=18228, stack(0x000000652f400000,0x000000652f500000)]
  0x000001d2f2c6f000 JavaThread "spark-listener-group-shared" daemon [_thread_blocked, id=21688, stack(0x000000652f200000,0x000000652f300000)]
  0x000001d2f2c6d000 JavaThread "kafka-producer-network-thread | producer-1" daemon [_thread_in_native, id=13412, stack(0x000000652f100000,0x000000652f200000)]
  0x000001d2f2c6c000 JavaThread "commons-pool-evictor-thread" daemon [_thread_blocked, id=8808, stack(0x000000652ef00000,0x000000652f000000)]
  0x000001d2f2c6e800 JavaThread "element-tracking-store-worker" daemon [_thread_blocked, id=19136, stack(0x000000652ee00000,0x000000652ef00000)]
  0x000001d2f2c6d800 JavaThread "spark-listener-group-executorManagement" daemon [_thread_blocked, id=6048, stack(0x000000652ed00000,0x000000652ee00000)]
  0x000001d2f2c64800 JavaThread "spark-listener-group-appStatus" daemon [_thread_blocked, id=22444, stack(0x000000652ec00000,0x000000652ed00000)]
  0x000001d2f2c6b800 JavaThread "context-cleaner-periodic-gc" daemon [_thread_blocked, id=4448, stack(0x000000652eb00000,0x000000652ec00000)]
  0x000001d2f2c64000 JavaThread "Spark Context Cleaner" daemon [_thread_blocked, id=8348, stack(0x000000652ea00000,0x000000652eb00000)]
  0x000001d2f2c6a800 JavaThread "shuffle-boss-6-1" daemon [_thread_in_native, id=20796, stack(0x000000652e900000,0x000000652ea00000)]
  0x000001d2f2c63000 JavaThread "executor-heartbeater" daemon [_thread_blocked, id=20820, stack(0x000000652e800000,0x000000652e900000)]
  0x000001d2f2c6a000 JavaThread "driver-heartbeater" daemon [_thread_blocked, id=22956, stack(0x000000652e700000,0x000000652e800000)]
  0x000001d2f2c62000 JavaThread "dag-scheduler-event-loop" daemon [_thread_blocked, id=17956, stack(0x000000652e600000,0x000000652e700000)]
  0x000001d2f2c68800 JavaThread "Timer-1" daemon [_thread_blocked, id=1224, stack(0x000000652e500000,0x000000652e600000)]
  0x000001d2f2c69000 JavaThread "Timer-0" daemon [_thread_blocked, id=11880, stack(0x000000652e400000,0x000000652e500000)]
  0x000001d2f2c60800 JavaThread "netty-rpc-env-timeout" daemon [_thread_blocked, id=2472, stack(0x000000652e300000,0x000000652e400000)]
  0x000001d2f2c67800 JavaThread "heartbeat-receiver-event-loop-thread" daemon [_thread_blocked, id=25184, stack(0x000000652e200000,0x000000652e300000)]
  0x000001d2f2c61800 JavaThread "SparkUI-40" daemon [_thread_blocked, id=8912, stack(0x000000652e100000,0x000000652e200000)]
  0x000001d2f2c67000 JavaThread "SparkUI-39" daemon [_thread_blocked, id=11308, stack(0x000000652e000000,0x000000652e100000)]
  0x000001d2f2c60000 JavaThread "SparkUI-38" daemon [_thread_blocked, id=4508, stack(0x000000652df00000,0x000000652e000000)]
  0x000001d2f2c65800 JavaThread "SparkUI-37-acceptor-0@16091cf0-ServerConnector@18cef041{HTTP/1.1,[http/1.1]}{0.0.0.0:4041}" daemon [_thread_in_native, id=22024, stack(0x000000652de00000,0x000000652df00000)]
  0x000001d2f2c66000 JavaThread "SparkUI-36" daemon [_thread_in_native, id=20236, stack(0x000000652dd00000,0x000000652de00000)]
  0x000001d2f2928800 JavaThread "SparkUI-35" daemon [_thread_in_native, id=16860, stack(0x000000652dc00000,0x000000652dd00000)]
  0x000001d2f2926000 JavaThread "SparkUI-34" daemon [_thread_in_native, id=19048, stack(0x000000652db00000,0x000000652dc00000)]
  0x000001d2f2925800 JavaThread "SparkUI-33" daemon [_thread_in_native, id=17944, stack(0x000000652da00000,0x000000652db00000)]
  0x000001d2f2924000 JavaThread "RemoteBlock-temp-file-clean-thread" daemon [_thread_blocked, id=18644, stack(0x000000652d900000,0x000000652da00000)]
  0x000001d2f2927800 JavaThread "dispatcher-BlockManagerEndpoint1" daemon [_thread_blocked, id=2324, stack(0x000000652d800000,0x000000652d900000)]
  0x000001d2f2924800 JavaThread "dispatcher-BlockManagerMaster" daemon [_thread_blocked, id=19556, stack(0x000000652d700000,0x000000652d800000)]
  0x000001d2f2923000 JavaThread "map-output-dispatcher-7" daemon [_thread_blocked, id=14732, stack(0x000000652d600000,0x000000652d700000)]
  0x000001d2f292a000 JavaThread "map-output-dispatcher-6" daemon [_thread_blocked, id=18528, stack(0x000000652d500000,0x000000652d600000)]
  0x000001d2f2927000 JavaThread "map-output-dispatcher-5" daemon [_thread_blocked, id=23996, stack(0x000000652d400000,0x000000652d500000)]
  0x000001d2f2929000 JavaThread "map-output-dispatcher-4" daemon [_thread_blocked, id=25204, stack(0x000000652d300000,0x000000652d400000)]
  0x000001d2f2649800 JavaThread "map-output-dispatcher-3" daemon [_thread_blocked, id=20168, stack(0x000000652d200000,0x000000652d300000)]
  0x000001d2f2648800 JavaThread "map-output-dispatcher-2" daemon [_thread_blocked, id=15868, stack(0x000000652d100000,0x000000652d200000)]
  0x000001d2f2938800 JavaThread "map-output-dispatcher-1" daemon [_thread_blocked, id=23732, stack(0x000000652d000000,0x000000652d100000)]
  0x000001d2f2937800 JavaThread "map-output-dispatcher-0" daemon [_thread_blocked, id=23440, stack(0x000000652cf00000,0x000000652d000000)]
  0x000001d2f288f000 JavaThread "dispatcher-event-loop-3" daemon [_thread_blocked, id=21328, stack(0x000000652ce00000,0x000000652cf00000)]
  0x000001d2f288e800 JavaThread "dispatcher-event-loop-2" daemon [_thread_in_vm, id=22516, stack(0x000000652cd00000,0x000000652ce00000)]
  0x000001d2f288d800 JavaThread "dispatcher-event-loop-1" daemon [_thread_blocked, id=22196, stack(0x000000652cc00000,0x000000652cd00000)]
  0x000001d2f28a8000 JavaThread "dispatcher-event-loop-0" daemon [_thread_blocked, id=25404, stack(0x000000652cb00000,0x000000652cc00000)]
  0x000001d2f2709800 JavaThread "rpc-boss-3-1" daemon [_thread_in_native, id=348, stack(0x000000652ca00000,0x000000652cb00000)]
  0x000001d2ef62f800 JavaThread "Service Thread" daemon [_thread_blocked, id=14604, stack(0x000000652c800000,0x000000652c900000)]
  0x000001d2ef592800 JavaThread "C1 CompilerThread3" daemon [_thread_blocked, id=12572, stack(0x000000652c700000,0x000000652c800000)]
  0x000001d2ef58f000 JavaThread "C2 CompilerThread2" daemon [_thread_in_native, id=14244, stack(0x000000652c600000,0x000000652c700000)]
=>0x000001d2ef57b000 JavaThread "C2 CompilerThread1" daemon [_thread_in_native, id=3068, stack(0x000000652c500000,0x000000652c600000)]
  0x000001d2ef578000 JavaThread "C2 CompilerThread0" daemon [_thread_blocked, id=8068, stack(0x000000652c400000,0x000000652c500000)]
  0x000001d2ef567800 JavaThread "JDWP Command Reader" daemon [_thread_in_native, id=18244, stack(0x000000652c300000,0x000000652c400000)]
  0x000001d2ef566000 JavaThread "JDWP Event Helper Thread" daemon [_thread_in_native, id=18000, stack(0x000000652c200000,0x000000652c300000)]
  0x000001d2ed967000 JavaThread "JDWP Transport Listener: dt_socket" daemon [_thread_blocked, id=18148, stack(0x000000652c100000,0x000000652c200000)]
  0x000001d2ef563800 JavaThread "Attach Listener" daemon [_thread_blocked, id=220, stack(0x000000652c000000,0x000000652c100000)]
  0x000001d2ef562800 JavaThread "Signal Dispatcher" daemon [_thread_blocked, id=13488, stack(0x000000652bf00000,0x000000652c000000)]
  0x000001d2ed90b800 JavaThread "Finalizer" daemon [_thread_blocked, id=24540, stack(0x000000652be00000,0x000000652bf00000)]
  0x000001d2d41ce800 JavaThread "Reference Handler" daemon [_thread_blocked, id=22568, stack(0x000000652bd00000,0x000000652be00000)]
  0x000001d2d2784000 JavaThread "main" [_thread_blocked, id=24568, stack(0x000000652b300000,0x000000652b400000)]

Other Threads:
  0x000001d2ed8e1000 VMThread [stack: 0x000000652bc00000,0x000000652bd00000] [id=12608]
  0x000001d2ef57b800 WatcherThread [stack: 0x000000652c900000,0x000000652ca00000] [id=8804]

VM state:not at safepoint (normal execution)

VM Mutex/Monitor currently owned by a thread: None

heap address: 0x00000006c1400000, size: 4076 MB, Compressed Oops mode: Zero based, Oop shift amount: 3
Narrow klass base: 0x0000000000000000, Narrow klass shift: 3
Compressed class space size: 1073741824 Address: 0x00000007c0000000

Heap:
 PSYoungGen      total 133120K, used 12464K [0x000000076b180000, 0x0000000774780000, 0x00000007c0000000)
  eden space 122368K, 10% used [0x000000076b180000,0x000000076bdac3c0,0x0000000772900000)
  from space 10752K, 0% used [0x0000000772900000,0x0000000772900000,0x0000000773380000)
  to   space 10240K, 0% used [0x0000000773380000,0x0000000773380000,0x0000000773d80000)
 ParOldGen       total 185344K, used 18259K [0x00000006c1400000, 0x00000006cc900000, 0x000000076b180000)
  object space 185344K, 9% used [0x00000006c1400000,0x00000006c25d4d08,0x00000006cc900000)
 Metaspace       used 55718K, capacity 60001K, committed 60248K, reserved 1101824K
  class space    used 7556K, capacity 7999K, committed 8024K, reserved 1048576K

Card table byte_map: [0x000001d2e38e0000,0x000001d2e40e0000] byte_map_base: 0x000001d2e02d6000

Marking Bits: (ParMarkBitMap*) 0x0000000053d98030
 Begin Bits: [0x000001d2e4630000, 0x000001d2e85e0000)
 End Bits:   [0x000001d2e85e0000, 0x000001d2ec590000)

Polling page: 0x000001d2d4050000

CodeCache: size=245760Kb used=9558Kb max_used=9733Kb free=236201Kb
 bounds [0x000001d2d4520000, 0x000001d2d4eb0000, 0x000001d2e3520000]
 total_blobs=3650 nmethods=2950 adapters=619
 compilation: enabled

Compilation events (10 events):
Event: 8.748 Thread 0x000001d2ef592800 nmethod 3316 0x000001d2d493e810 code [0x000001d2d493e9c0, 0x000001d2d493efa0]
Event: 8.748 Thread 0x000001d2ef592800 3317       3       scala.collection.mutable.HashMap::index (6 bytes)
Event: 8.748 Thread 0x000001d2ef578000 nmethod 3315 0x000001d2d48f85d0 code [0x000001d2d48f8720, 0x000001d2d48f8ad8]
Event: 8.748 Thread 0x000001d2ef592800 nmethod 3317 0x000001d2d48f9e10 code [0x000001d2d48f9f80, 0x000001d2d48fa170]
Event: 8.748 Thread 0x000001d2ef592800 3318       1       scala.collection.mutable.HashMap::sizemap (5 bytes)
Event: 8.748 Thread 0x000001d2ef592800 nmethod 3318 0x000001d2d48f9b50 code [0x000001d2d48f9ca0, 0x000001d2d48f9db8]
Event: 8.749 Thread 0x000001d2ef592800 3319       1       scala.collection.mutable.ArrayBuilder$ofLong::capacity (5 bytes)
Event: 8.749 Thread 0x000001d2ef592800 nmethod 3319 0x000001d2d48f9890 code [0x000001d2d48f99e0, 0x000001d2d48f9af8]
Event: 8.752 Thread 0x000001d2ef592800 3320       3       java.util.concurrent.locks.AbstractQueuedSynchronizer::compareAndSetWaitStatus (13 bytes)
Event: 8.752 Thread 0x000001d2ef592800 nmethod 3320 0x000001d2d48f9550 code [0x000001d2d48f96a0, 0x000001d2d48f97f8]

GC Heap History (10 events):
Event: 5.606 GC heap before
{Heap before GC invocations=6 (full 2):
 PSYoungGen      total 99328K, used 6767K [0x000000076b180000, 0x0000000772100000, 0x00000007c0000000)
  eden space 88576K, 0% used [0x000000076b180000,0x000000076b180000,0x0000000770800000)
  from space 10752K, 62% used [0x0000000771280000,0x000000077191bc00,0x0000000771d00000)
  to   space 10752K, 0% used [0x0000000770800000,0x0000000770800000,0x0000000771280000)
 ParOldGen       total 114688K, used 9023K [0x00000006c1400000, 0x00000006c8400000, 0x000000076b180000)
  object space 114688K, 7% used [0x00000006c1400000,0x00000006c1ccfdf8,0x00000006c8400000)
 Metaspace       used 33506K, capacity 35271K, committed 35456K, reserved 1079296K
  class space    used 4641K, capacity 4869K, committed 4992K, reserved 1048576K
Event: 5.634 GC heap after
Heap after GC invocations=6 (full 2):
 PSYoungGen      total 99328K, used 0K [0x000000076b180000, 0x0000000772100000, 0x00000007c0000000)
  eden space 88576K, 0% used [0x000000076b180000,0x000000076b180000,0x0000000770800000)
  from space 10752K, 0% used [0x0000000771280000,0x0000000771280000,0x0000000771d00000)
  to   space 10752K, 0% used [0x0000000770800000,0x0000000770800000,0x0000000771280000)
 ParOldGen       total 185344K, used 11118K [0x00000006c1400000, 0x00000006cc900000, 0x000000076b180000)
  object space 185344K, 5% used [0x00000006c1400000,0x00000006c1edb950,0x00000006cc900000)
 Metaspace       used 33506K, capacity 35271K, committed 35456K, reserved 1079296K
  class space    used 4641K, capacity 4869K, committed 4992K, reserved 1048576K
}
Event: 6.311 GC heap before
{Heap before GC invocations=7 (full 2):
 PSYoungGen      total 99328K, used 88576K [0x000000076b180000, 0x0000000772100000, 0x00000007c0000000)
  eden space 88576K, 100% used [0x000000076b180000,0x0000000770800000,0x0000000770800000)
  from space 10752K, 0% used [0x0000000771280000,0x0000000771280000,0x0000000771d00000)
  to   space 10752K, 0% used [0x0000000770800000,0x0000000770800000,0x0000000771280000)
 ParOldGen       total 185344K, used 11118K [0x00000006c1400000, 0x00000006cc900000, 0x000000076b180000)
  object space 185344K, 5% used [0x00000006c1400000,0x00000006c1edb950,0x00000006cc900000)
 Metaspace       used 40649K, capacity 42905K, committed 43136K, reserved 1087488K
  class space    used 5516K, capacity 5750K, committed 5760K, reserved 1048576K
Event: 6.318 GC heap after
Heap after GC invocations=7 (full 2):
 PSYoungGen      total 99328K, used 7680K [0x000000076b180000, 0x0000000773d80000, 0x00000007c0000000)
  eden space 88576K, 0% used [0x000000076b180000,0x000000076b180000,0x0000000770800000)
  from space 10752K, 71% used [0x0000000770800000,0x0000000770f80358,0x0000000771280000)
  to   space 10240K, 0% used [0x0000000773380000,0x0000000773380000,0x0000000773d80000)
 ParOldGen       total 185344K, used 11126K [0x00000006c1400000, 0x00000006cc900000, 0x000000076b180000)
  object space 185344K, 6% used [0x00000006c1400000,0x00000006c1edd950,0x00000006cc900000)
 Metaspace       used 40649K, capacity 42905K, committed 43136K, reserved 1087488K
  class space    used 5516K, capacity 5750K, committed 5760K, reserved 1048576K
}
Event: 6.864 GC heap before
{Heap before GC invocations=8 (full 2):
 PSYoungGen      total 99328K, used 96256K [0x000000076b180000, 0x0000000773d80000, 0x00000007c0000000)
  eden space 88576K, 100% used [0x000000076b180000,0x0000000770800000,0x0000000770800000)
  from space 10752K, 71% used [0x0000000770800000,0x0000000770f80358,0x0000000771280000)
  to   space 10240K, 0% used [0x0000000773380000,0x0000000773380000,0x0000000773d80000)
 ParOldGen       total 185344K, used 11126K [0x00000006c1400000, 0x00000006cc900000, 0x000000076b180000)
  object space 185344K, 6% used [0x00000006c1400000,0x00000006c1edd950,0x00000006cc900000)
 Metaspace       used 47795K, capacity 50427K, committed 50688K, reserved 1093632K
  class space    used 6346K, capacity 6591K, committed 6656K, reserved 1048576K
Event: 6.876 GC heap after
Heap after GC invocations=8 (full 2):
 PSYoungGen      total 132608K, used 9571K [0x000000076b180000, 0x0000000774780000, 0x00000007c0000000)
  eden space 122368K, 0% used [0x000000076b180000,0x000000076b180000,0x0000000772900000)
  from space 10240K, 93% used [0x0000000773380000,0x0000000773cd8c28,0x0000000773d80000)
  to   space 10752K, 0% used [0x0000000772900000,0x0000000772900000,0x0000000773380000)
 ParOldGen       total 185344K, used 11134K [0x00000006c1400000, 0x00000006cc900000, 0x000000076b180000)
  object space 185344K, 6% used [0x00000006c1400000,0x00000006c1edf950,0x00000006cc900000)
 Metaspace       used 47795K, capacity 50427K, committed 50688K, reserved 1093632K
  class space    used 6346K, capacity 6591K, committed 6656K, reserved 1048576K
}
Event: 8.503 GC heap before
{Heap before GC invocations=9 (full 2):
 PSYoungGen      total 132608K, used 98789K [0x000000076b180000, 0x0000000774780000, 0x00000007c0000000)
  eden space 122368K, 72% used [0x000000076b180000,0x00000007708a0940,0x0000000772900000)
  from space 10240K, 93% used [0x0000000773380000,0x0000000773cd8c28,0x0000000773d80000)
  to   space 10752K, 0% used [0x0000000772900000,0x0000000772900000,0x0000000773380000)
 ParOldGen       total 185344K, used 11134K [0x00000006c1400000, 0x00000006cc900000, 0x000000076b180000)
  object space 185344K, 6% used [0x00000006c1400000,0x00000006c1edf950,0x00000006cc900000)
 Metaspace       used 54980K, capacity 59055K, committed 59096K, reserved 1099776K
  class space    used 7421K, capacity 7856K, committed 7896K, reserved 1048576K
Event: 8.514 GC heap after
Heap after GC invocations=9 (full 2):
 PSYoungGen      total 133120K, used 10418K [0x000000076b180000, 0x0000000774780000, 0x00000007c0000000)
  eden space 122368K, 0% used [0x000000076b180000,0x000000076b180000,0x0000000772900000)
  from space 10752K, 96% used [0x0000000772900000,0x000000077332cbc0,0x0000000773380000)
  to   space 10240K, 0% used [0x0000000773380000,0x0000000773380000,0x0000000773d80000)
 ParOldGen       total 185344K, used 11142K [0x00000006c1400000, 0x00000006cc900000, 0x000000076b180000)
  object space 185344K, 6% used [0x00000006c1400000,0x00000006c1ee1950,0x00000006cc900000)
 Metaspace       used 54980K, capacity 59055K, committed 59096K, reserved 1099776K
  class space    used 7421K, capacity 7856K, committed 7896K, reserved 1048576K
}
Event: 8.514 GC heap before
{Heap before GC invocations=10 (full 3):
 PSYoungGen      total 133120K, used 10418K [0x000000076b180000, 0x0000000774780000, 0x00000007c0000000)
  eden space 122368K, 0% used [0x000000076b180000,0x000000076b180000,0x0000000772900000)
  from space 10752K, 96% used [0x0000000772900000,0x000000077332cbc0,0x0000000773380000)
  to   space 10240K, 0% used [0x0000000773380000,0x0000000773380000,0x0000000773d80000)
 ParOldGen       total 185344K, used 11142K [0x00000006c1400000, 0x00000006cc900000, 0x000000076b180000)
  object space 185344K, 6% used [0x00000006c1400000,0x00000006c1ee1950,0x00000006cc900000)
 Metaspace       used 54980K, capacity 59055K, committed 59096K, reserved 1099776K
  class space    used 7421K, capacity 7856K, committed 7896K, reserved 1048576K
Event: 8.657 GC heap after
Heap after GC invocations=10 (full 3):
 PSYoungGen      total 133120K, used 0K [0x000000076b180000, 0x0000000774780000, 0x00000007c0000000)
  eden space 122368K, 0% used [0x000000076b180000,0x000000076b180000,0x0000000772900000)
  from space 10752K, 0% used [0x0000000772900000,0x0000000772900000,0x0000000773380000)
  to   space 10240K, 0% used [0x0000000773380000,0x0000000773380000,0x0000000773d80000)
 ParOldGen       total 185344K, used 18259K [0x00000006c1400000, 0x00000006cc900000, 0x000000076b180000)
  object space 185344K, 9% used [0x00000006c1400000,0x00000006c25d4d08,0x00000006cc900000)
 Metaspace       used 54977K, capacity 59049K, committed 59096K, reserved 1099776K
  class space    used 7420K, capacity 7855K, committed 7896K, reserved 1048576K
}

Deoptimization events (10 events):
Event: 6.386 Thread 0x000001d2d2784000 Uncommon trap: reason=unstable_if action=reinterpret pc=0x000001d2d4c5e184 method=jdk.internal.org.objectweb.asm.Type.getArgumentsAndReturnSizes(Ljava/lang/String;)I @ 100
Event: 6.834 Thread 0x000001d2d2784000 Uncommon trap: reason=class_check action=maybe_recompile pc=0x000001d2d49e86f0 method=java.util.concurrent.ConcurrentHashMap.putVal(Ljava/lang/Object;Ljava/lang/Object;Z)Ljava/lang/Object; @ 192
Event: 7.193 Thread 0x000001d2fafc8800 Uncommon trap: reason=unstable_if action=reinterpret pc=0x000001d2d47eeef4 method=java.lang.AbstractStringBuilder.append(Ljava/lang/String;)Ljava/lang/AbstractStringBuilder; @ 1
Event: 7.260 Thread 0x000001d2fafc8800 Uncommon trap: reason=unstable_if action=reinterpret pc=0x000001d2d4781db0 method=java.lang.AbstractStringBuilder.append(Ljava/lang/String;)Ljava/lang/AbstractStringBuilder; @ 1
Event: 8.245 Thread 0x000001d2fafcb000 Uncommon trap: reason=unstable_if action=reinterpret pc=0x000001d2d4dba9b8 method=java.io.WinNTFileSystem.isLetter(C)Z @ 15
Event: 8.248 Thread 0x000001d2fafcb000 Uncommon trap: reason=unstable_if action=reinterpret pc=0x000001d2d4dd1350 method=java.util.regex.Pattern$CharProperty.match(Ljava/util/regex/Matcher;ILjava/lang/CharSequence;)Z @ 40
Event: 8.294 Thread 0x000001d2fafcb000 Uncommon trap: reason=class_check action=maybe_recompile pc=0x000001d2d49e86f0 method=java.util.concurrent.ConcurrentHashMap.putVal(Ljava/lang/Object;Ljava/lang/Object;Z)Ljava/lang/Object; @ 192
Event: 8.296 Thread 0x000001d2fafcb000 Uncommon trap: reason=class_check action=maybe_recompile pc=0x000001d2d49e86f0 method=java.util.concurrent.ConcurrentHashMap.putVal(Ljava/lang/Object;Ljava/lang/Object;Z)Ljava/lang/Object; @ 192
Event: 8.300 Thread 0x000001d2fafcb000 Uncommon trap: reason=unstable_if action=reinterpret pc=0x000001d2d4bc1ccc method=java.util.concurrent.ConcurrentHashMap.get(Ljava/lang/Object;)Ljava/lang/Object; @ 152
Event: 8.319 Thread 0x000001d2fafcb000 Uncommon trap: reason=unstable_if action=reinterpret pc=0x000001d2d4800de8 method=org.apache.xbean.asm7.ClassReader.readUTF8(I[C)Ljava/lang/String; @ 11

Classes redefined (0 events):
No events

Internal exceptions (10 events):
Event: 8.682 Thread 0x000001d2f2c62000 Exception <a 'java/lang/NoSuchMethodError': <clinit>> (0x000000076b77aae0) thrown at [C:\jenkins\workspace\8-2-build-windows-amd64-cygwin\jdk8u311\1894\hotspot\src\share\vm\prims\jni.cpp, line 1615]
Event: 8.687 Thread 0x000001d2f2c62000 Exception <a 'java/lang/NoSuchMethodError': <clinit>> (0x000000076b7a6430) thrown at [C:\jenkins\workspace\8-2-build-windows-amd64-cygwin\jdk8u311\1894\hotspot\src\share\vm\prims\jni.cpp, line 1615]
Event: 8.687 Thread 0x000001d2f2c62000 Exception <a 'java/lang/NoSuchMethodError': <clinit>> (0x000000076b864d60) thrown at [C:\jenkins\workspace\8-2-build-windows-amd64-cygwin\jdk8u311\1894\hotspot\src\share\vm\prims\jni.cpp, line 1615]
Event: 8.688 Thread 0x000001d2f2c62000 Exception <a 'java/lang/NoSuchMethodError': <clinit>> (0x000000076b877c80) thrown at [C:\jenkins\workspace\8-2-build-windows-amd64-cygwin\jdk8u311\1894\hotspot\src\share\vm\prims\jni.cpp, line 1615]
Event: 8.690 Thread 0x000001d2f2c62000 Exception <a 'java/lang/NoSuchMethodError': <clinit>> (0x000000076b885fa0) thrown at [C:\jenkins\workspace\8-2-build-windows-amd64-cygwin\jdk8u311\1894\hotspot\src\share\vm\prims\jni.cpp, line 1615]
Event: 8.694 Thread 0x000001d2f2c62000 Exception <a 'java/lang/NoSuchMethodError': <clinit>> (0x000000076b8a4930) thrown at [C:\jenkins\workspace\8-2-build-windows-amd64-cygwin\jdk8u311\1894\hotspot\src\share\vm\prims\jni.cpp, line 1615]
Event: 8.695 Thread 0x000001d2f2c62000 Exception <a 'java/lang/NoSuchMethodError': <clinit>> (0x000000076b8ae2d8) thrown at [C:\jenkins\workspace\8-2-build-windows-amd64-cygwin\jdk8u311\1894\hotspot\src\share\vm\prims\jni.cpp, line 1615]
Event: 8.696 Thread 0x000001d2f2c62000 Exception <a 'java/lang/NoSuchMethodError': <clinit>> (0x000000076b8d4ca8) thrown at [C:\jenkins\workspace\8-2-build-windows-amd64-cygwin\jdk8u311\1894\hotspot\src\share\vm\prims\jni.cpp, line 1615]
Event: 8.700 Thread 0x000001d2f2c62000 Exception <a 'java/lang/NoSuchMethodError': <clinit>> (0x000000076b8e9128) thrown at [C:\jenkins\workspace\8-2-build-windows-amd64-cygwin\jdk8u311\1894\hotspot\src\share\vm\prims\jni.cpp, line 1615]
Event: 8.744 Thread 0x000001d2f2c62000 Exception <a 'java/lang/NoSuchMethodError': java.lang.Object.$anonfun$unzip$1(Lscala/Function1;Lscala/collection/mutable/Builder;Lscala/collection/mutable/Builder;Ljava/lang/Object;)Lscala/collection/mutable/Builder;> (0x000000076bb70998) thrown at [C:\je

Events (10 events):
Event: 8.757 loading class scala/Function1
Event: 8.757 loading class scala/Function1 done
Event: 8.757 loading class org/apache/spark/scheduler/TaskSchedulerImpl
Event: 8.757 loading class org/apache/spark/scheduler/TaskSchedulerImpl done
Event: 8.757 loading class scala/Tuple2
Event: 8.757 loading class scala/Tuple2 done
Event: 8.757 loading class org/apache/spark/scheduler/TaskSchedulerImpl
Event: 8.757 loading class org/apache/spark/scheduler/TaskSchedulerImpl done
Event: 8.757 loading class org/apache/spark/scheduler/JobCancelled
Event: 8.757 loading class org/apache/spark/scheduler/JobCancelled done


Dynamic libraries:
0x00007ff7f27e0000 - 0x00007ff7f2827000 	D:\Java\jdk1.8.0_311\bin\java.exe
0x00007ffdc8f20000 - 0x00007ffdc90fb000 	C:\Windows\SYSTEM32\ntdll.dll
0x00007ffdc7e80000 - 0x00007ffdc7f2e000 	C:\Windows\System32\KERNEL32.DLL
0x00007ffdc6230000 - 0x00007ffdc6479000 	C:\Windows\System32\KERNELBASE.dll
0x00007ffdc8280000 - 0x00007ffdc8321000 	C:\Windows\System32\ADVAPI32.dll
0x00007ffdc7de0000 - 0x00007ffdc7e7d000 	C:\Windows\System32\msvcrt.dll
0x00007ffdc65e0000 - 0x00007ffdc6639000 	C:\Windows\System32\sechost.dll
0x00007ffdc8080000 - 0x00007ffdc81a5000 	C:\Windows\System32\RPCRT4.dll
0x00007ffdc85b0000 - 0x00007ffdc86fa000 	C:\Windows\System32\USER32.dll
0x00007ffdc5670000 - 0x00007ffdc568e000 	C:\Windows\System32\win32u.dll
0x00007ffdc7f90000 - 0x00007ffdc7fb7000 	C:\Windows\System32\GDI32.dll
0x00007ffdc5440000 - 0x00007ffdc55c9000 	C:\Windows\System32\gdi32full.dll
0x00007ffdc55d0000 - 0x00007ffdc566a000 	C:\Windows\System32\msvcp_win.dll
0x00007ffdc5d90000 - 0x00007ffdc5e86000 	C:\Windows\System32\ucrtbase.dll
0x00007ffdb0d60000 - 0x00007ffdb0fc7000 	C:\Windows\WinSxS\amd64_microsoft.windows.common-controls_6595b64144ccf1df_6.0.15063.0_none_108e4f62dfe5d999\COMCTL32.dll
0x00007ffdc6640000 - 0x00007ffdc6939000 	C:\Windows\System32\combase.dll
0x00007ffdc61c0000 - 0x00007ffdc622a000 	C:\Windows\System32\bcryptPrimitives.dll
0x00007ffdc8b60000 - 0x00007ffdc8b8d000 	C:\Windows\System32\IMM32.DLL
0x0000000056140000 - 0x000000005614c000 	C:\Program Files (x86)\360\360Safe\safemon\SafeWrapper.dll
0x00007ffdb9750000 - 0x00007ffdb97e2000 	C:\Program Files (x86)\360\360Safe\safemon\libzdtp64.dll
0x00007ffdc6940000 - 0x00007ffdc7d77000 	C:\Windows\System32\SHELL32.dll
0x00007ffdc5e90000 - 0x00007ffdc5ed9000 	C:\Windows\System32\cfgmgr32.dll
0x00007ffdc8df0000 - 0x00007ffdc8e9a000 	C:\Windows\System32\shcore.dll
0x00007ffdc5690000 - 0x00007ffdc5d82000 	C:\Windows\System32\windows.storage.dll
0x00007ffdc7d80000 - 0x00007ffdc7dd1000 	C:\Windows\System32\shlwapi.dll
0x00007ffdc5390000 - 0x00007ffdc53a1000 	C:\Windows\System32\kernel.appcore.dll
0x00007ffdc53b0000 - 0x00007ffdc53fc000 	C:\Windows\System32\powrprof.dll
0x00007ffdc5420000 - 0x00007ffdc5435000 	C:\Windows\System32\profapi.dll
0x00007ffdc50e0000 - 0x00007ffdc50ea000 	C:\Windows\SYSTEM32\VERSION.dll
0x00007ffda7350000 - 0x00007ffda7365000 	D:\Java\jdk1.8.0_311\jre\bin\vcruntime140.dll
0x00007ffda72b0000 - 0x00007ffda734b000 	D:\Java\jdk1.8.0_311\jre\bin\msvcp140.dll
0x00000000535b0000 - 0x0000000053e10000 	D:\Java\jdk1.8.0_311\jre\bin\server\jvm.dll
0x00007ffdc8060000 - 0x00007ffdc8068000 	C:\Windows\System32\PSAPI.DLL
0x00007ffdb58e0000 - 0x00007ffdb58e9000 	C:\Windows\SYSTEM32\WSOCK32.dll
0x00007ffdc8210000 - 0x00007ffdc827c000 	C:\Windows\System32\WS2_32.dll
0x00007ffdc30c0000 - 0x00007ffdc30e3000 	C:\Windows\SYSTEM32\WINMM.dll
0x00007ffdc2f80000 - 0x00007ffdc2fab000 	C:\Windows\SYSTEM32\WINMMBASE.dll
0x00007ffdc1070000 - 0x00007ffdc1080000 	D:\Java\jdk1.8.0_311\jre\bin\verify.dll
0x00007ffd9e410000 - 0x00007ffd9e43b000 	D:\Java\jdk1.8.0_311\jre\bin\java.dll
0x00007ffdbe9c0000 - 0x00007ffdbe9f6000 	D:\Java\jdk1.8.0_311\jre\bin\jdwp.dll
0x00007ffdc1030000 - 0x00007ffdc1039000 	D:\Java\jdk1.8.0_311\jre\bin\npt.dll
0x00007ffdb4b80000 - 0x00007ffdb4bb0000 	D:\Java\jdk1.8.0_311\jre\bin\instrument.dll
0x00007ffda00d0000 - 0x00007ffda00e8000 	D:\Java\jdk1.8.0_311\jre\bin\zip.dll
0x00007ffdb9200000 - 0x00007ffdb920a000 	D:\Java\jdk1.8.0_311\jre\bin\dt_socket.dll
0x00007ffdc4340000 - 0x00007ffdc439c000 	C:\Windows\system32\mswsock.dll
0x00007ffd9fec0000 - 0x00007ffd9fedc000 	D:\Java\jdk1.8.0_311\jre\bin\net.dll
0x00007ffda73b0000 - 0x00007ffda73c6000 	C:\Windows\system32\napinsp.dll
0x00007ffda7370000 - 0x00007ffda738a000 	C:\Windows\system32\pnrpnsp.dll
0x00007ffdc18e0000 - 0x00007ffdc18f8000 	C:\Windows\system32\NLAapi.dll
0x00007ffdc4140000 - 0x00007ffdc41e4000 	C:\Windows\SYSTEM32\DNSAPI.dll
0x00007ffdc65d0000 - 0x00007ffdc65d8000 	C:\Windows\System32\NSI.dll
0x00007ffdc4800000 - 0x00007ffdc4837000 	C:\Windows\SYSTEM32\IPHLPAPI.DLL
0x00007ffda7210000 - 0x00007ffda721e000 	C:\Windows\System32\winrnr.dll
0x00007ffda7160000 - 0x00007ffda7175000 	C:\Windows\System32\wshbth.dll
0x0000000055710000 - 0x0000000055736000 	C:\Program Files\Bonjour\mdnsNSP.dll
0x00007ffdbb1f0000 - 0x00007ffdbb1fa000 	C:\Windows\System32\rasadhlp.dll
0x00007ffdbc640000 - 0x00007ffdbc6ab000 	C:\Windows\System32\fwpuclnt.dll
0x00007ffdc5260000 - 0x00007ffdc5285000 	C:\Windows\SYSTEM32\bcrypt.dll
0x00007ffdb4d20000 - 0x00007ffdb4d2d000 	D:\Java\jdk1.8.0_311\jre\bin\management.dll
0x00007ffdb4cf0000 - 0x00007ffdb4cfa000 	D:\Java\jdk1.8.0_311\jre\bin\w2k_lsa_auth.dll
0x00007ffdb97f0000 - 0x00007ffdb97fc000 	C:\Windows\SYSTEM32\Secur32.dll
0x00007ffdc52c0000 - 0x00007ffdc52f0000 	C:\Windows\SYSTEM32\SSPICLI.DLL
0x00007ffdafcc0000 - 0x00007ffdafcda000 	C:\Windows\System32\hadoop.dll
0x00007ffdc3c60000 - 0x00007ffdc3ca8000 	C:\Windows\SYSTEM32\AUTHZ.dll
0x0000000054020000 - 0x00000000540f2000 	C:\Windows\SYSTEM32\MSVCR100.dll
0x00007ffdc47e0000 - 0x00007ffdc47f7000 	C:\Windows\SYSTEM32\NETAPI32.dll
0x00007ffdc4770000 - 0x00007ffdc477d000 	C:\Windows\SYSTEM32\NETUTILS.DLL
0x00007ffdbcd00000 - 0x00007ffdbcd18000 	C:\Windows\SYSTEM32\SAMCLI.DLL
0x00007ffdb4610000 - 0x00007ffdb4619000 	D:\Java\jdk1.8.0_311\jre\bin\jaas_nt.dll
0x00007ffd9fda0000 - 0x00007ffd9fdb3000 	D:\Java\jdk1.8.0_311\jre\bin\nio.dll
0x00007ffdc4e40000 - 0x00007ffdc4e57000 	C:\Windows\SYSTEM32\CRYPTSP.dll
0x00007ffdc3fd0000 - 0x00007ffdc4004000 	C:\Windows\system32\rsaenh.dll
0x00007ffdc5290000 - 0x00007ffdc52b9000 	C:\Windows\SYSTEM32\USERENV.dll
0x00007ffdc47a0000 - 0x00007ffdc47ab000 	C:\Windows\SYSTEM32\CRYPTBASE.dll
0x00007ffdbff50000 - 0x00007ffdbff66000 	C:\Windows\SYSTEM32\dhcpcsvc6.DLL
0x00007ffdbfce0000 - 0x00007ffdbfcfa000 	C:\Windows\SYSTEM32\dhcpcsvc.DLL
0x0000000066f40000 - 0x0000000066fc3000 	C:\Users\PC\AppData\Local\Temp\liblz4-java-5857958961900355350.so
0x00007ffdc4f20000 - 0x00007ffdc50c9000 	C:\Windows\SYSTEM32\dbghelp.dll

VM Arguments:
jvm_args: -agentlib:jdwp=transport=dt_socket,address=127.0.0.1:63893,suspend=y,server=n -javaagent:C:\Users\PC\AppData\Local\JetBrains\IntelliJIdea2021.3\captureAgent\debugger-agent.jar -Dfile.encoding=UTF-8 
java_command: com.spark.kafka.ods_1.odsBaseDb
java_class_path (initial): D:\Java\jdk1.8.0_311\jre\lib\charsets.jar;D:\Java\jdk1.8.0_311\jre\lib\deploy.jar;D:\Java\jdk1.8.0_311\jre\lib\ext\access-bridge-64.jar;D:\Java\jdk1.8.0_311\jre\lib\ext\cldrdata.jar;D:\Java\jdk1.8.0_311\jre\lib\ext\dnsns.jar;D:\Java\jdk1.8.0_311\jre\lib\ext\jaccess.jar;D:\Java\jdk1.8.0_311\jre\lib\ext\jfxrt.jar;D:\Java\jdk1.8.0_311\jre\lib\ext\localedata.jar;D:\Java\jdk1.8.0_311\jre\lib\ext\nashorn.jar;D:\Java\jdk1.8.0_311\jre\lib\ext\sunec.jar;D:\Java\jdk1.8.0_311\jre\lib\ext\sunjce_provider.jar;D:\Java\jdk1.8.0_311\jre\lib\ext\sunmscapi.jar;D:\Java\jdk1.8.0_311\jre\lib\ext\sunpkcs11.jar;D:\Java\jdk1.8.0_311\jre\lib\ext\zipfs.jar;D:\Java\jdk1.8.0_311\jre\lib\javaws.jar;D:\Java\jdk1.8.0_311\jre\lib\jce.jar;D:\Java\jdk1.8.0_311\jre\lib\jfr.jar;D:\Java\jdk1.8.0_311\jre\lib\jfxswt.jar;D:\Java\jdk1.8.0_311\jre\lib\jsse.jar;D:\Java\jdk1.8.0_311\jre\lib\management-agent.jar;D:\Java\jdk1.8.0_311\jre\lib\plugin.jar;D:\Java\jdk1.8.0_311\jre\lib\resources.jar;D:\Java\jdk1.8.0_311\jre\lib\rt.jar;D:\springboot_kafka\SparkKafka\target\classes;D:\apache-maven-3.8.4-bin\repo\com\alibaba\fastjson\1.2.62\fastjson-1.2.62.jar;D:\apache-maven-3.8.4-bin\repo\org\apache\spark\spark-core_2.12\3.0.0\spark-core_2.12-3.0.0.jar;D:\apache-maven-3.8.4-bin\repo\com\thoughtworks\paranamer\paranamer\2.8\paranamer-2.8.jar;D:\apache-maven-3.8.4-bin\repo\org\apache\avro\avro\1.8.2\avro-1.8.2.jar;D:\apache-maven-3.8.4-bin\repo\org\codehaus\jackson\jackson-core-asl\1.9.13\jackson-core-asl-1.9.13.jar;D:\apache-maven-3.8.4-bin\repo\org\codehaus\jackson\jackson-mapper-asl\1.9.13\jackson-mapper-asl-1.9.13.jar;D:\apache-maven-3.8.4-bin\repo\org\apache\commons\commons-compress\1.8.1\commons-compress-1.8.1.jar;D:\apache-maven-3.8.4-bin\repo\org\tukaani\xz\1.5\xz-1.5.jar;D:\apache-maven-3.8.4-bin\repo\org\apache\avro\avro-mapred\1.8.2\avro-mapred-1.8.2-hadoop2.jar;D:\apache-maven-3.8.4-bin\repo\org\apache\avro\avro-ipc\1.8.2\avro-ipc-1.8.2.jar;D:\apache-maven-3.8.4-bin\repo\com\twi
Launcher Type: SUN_STANDARD

Environment Variables:
JAVA_HOME=D:\Java\jdk1.8.0_311
CLASSPATH=.;D:\Java\jdk1.8.0_311\lib;D:\Java\jdk1.8.0_311\lib\tools.jar
PATH=C:\Program Files\NVIDIA GPU Computing Toolkit\CUDA\v10.1\bin;C:\Program Files\NVIDIA GPU Computing Toolkit\CUDA\v10.1\libnvvp;D:\secureCRT\;C:\Program Files (x86)\Common Files\Oracle\Java\javapath;C:\Program Files (x86)\VMware\VMware Workstation\bin\;C:\Windows\system32;C:\Windows;C:\Windows\System32\Wbem;C:\Windows\System32\WindowsPowerShell\v1.0\;C:\Program Files\Intel\WiFi\bin\;C:\Program Files\Common Files\Intel\WirelessCommon\;C:\Program Files (x86)\NVIDIA Corporation\PhysX\Common;D:\apache-maven-3.8.4-bin\apache-maven-3.8.4\bin;D:\Java\jdk1.8.0_311\bin;D:\Git\cmd;D:\hadoop-3.3.1\bin;D:\hadoop-3.3.1\sbin;C:\Program Files\nodejs\;D:\scala-2.12.11\scala-2.12.11\bin;C:\Program Files\NVIDIA Corporation\Nsight Compute 2019.4.0\;C:\Program Files\NVIDIA Corporation\NVIDIA NvDLISR;D:\Java\jdk1.8.0_311\jre\bin;D:\MIT\Kerberos\bin;C:\Users\PC\AppData\Local\Microsoft\WindowsApps;C:\Program Files\Intel\WiFi\bin\;C:\Program Files\Common Files\Intel\WirelessCommon\;D:\idea\IntelliJ IDEA 2021.3.2\bin;;D:\Microsoft VS Code\bin;C:\Users\PC\AppData\Roaming\npm;D:\PyCharm2021.3.2\bin;;D:\DataGrip2020.2.3\bin;
USERNAME=PC
OS=Windows_NT
PROCESSOR_IDENTIFIER=Intel64 Family 6 Model 60 Stepping 3, GenuineIntel



---------------  S Y S T E M  ---------------

OS: Windows 10.0 , 64 bit Build 15063 (10.0.15063.0)

CPU:total 8 (initial active 8) (4 cores per cpu, 2 threads per core) family 6 model 60 stepping 3, cmov, cx8, fxsr, mmx, sse, sse2, sse3, ssse3, sse4.1, sse4.2, popcnt, avx, avx2, aes, clmul, erms, lzcnt, ht, tsc, tscinvbit, bmi1, bmi2

Memory: 4k page, physical 16691564k(2539292k free), swap 32290672k(493968k free)

vm_info: Java HotSpot(TM) 64-Bit Server VM (25.311-b11) for windows-amd64 JRE (1.8.0_311-b11), built on Sep 27 2021 05:15:14 by "java_re" with MS VC++ 15.9 (VS2017)

time: Fri Jun 10 00:19:05 2022
timezone: ?D1¨²¡À¨º¡Á?¨º¡À??
elapsed time: 8.801496 seconds (0d 0h 0m 8s)

