#
# There is insufficient memory for the Java Runtime Environment to continue.
# Native memory allocation (malloc) failed to allocate 32784 bytes for Chunk::new
# Possible reasons:
#   The system is out of physical RAM or swap space
#   The process is running with CompressedOops enabled, and the Java Heap may be blocking the growth of the native heap
# Possible solutions:
#   Reduce memory load on the system
#   Increase physical memory or swap space
#   Check if swap backing store is full
#   Decrease Java heap size (-Xmx/-Xms)
#   Decrease number of Java threads
#   Decrease Java thread stack sizes (-Xss)
#   Set larger code cache with -XX:ReservedCodeCacheSize=
#   JVM is running with Zero Based Compressed Oops mode in which the Java heap is
#     placed in the first 32GB address space. The Java Heap base address is the
#     maximum limit for the native heap growth. Please use -XX:HeapBaseMinAddress
#     to set the Java Heap base and to place the Java Heap above 32GB virtual address.
# This output file may be truncated or incomplete.
#
#  Out of Memory Error (allocation.cpp:389), pid=18180, tid=0x00000000000054e8
#
# JRE version: Java(TM) SE Runtime Environment (8.0_311-b11) (build 1.8.0_311-b11)
# Java VM: Java HotSpot(TM) 64-Bit Server VM (25.311-b11 mixed mode windows-amd64 compressed oops)
# Failed to write core dump. Minidumps are not enabled by default on client versions of Windows
#

---------------  T H R E A D  ---------------

Current thread (0x000002699916d000):  JavaThread "C2 CompilerThread0" daemon [_thread_in_native, id=21736, stack(0x000000f6bad00000,0x000000f6bae00000)]

Stack: [0x000000f6bad00000,0x000000f6bae00000]
Native frames: (J=compiled Java code, j=interpreted, Vv=VM code, C=native code)
V  [jvm.dll+0x32f239]
V  [jvm.dll+0x275882]
V  [jvm.dll+0x27652d]
V  [jvm.dll+0x26cf65]
V  [jvm.dll+0xd558c]
V  [jvm.dll+0xd5d8c]
V  [jvm.dll+0xd58dd]
V  [jvm.dll+0x4c6f9f]
V  [jvm.dll+0x49fc02]
V  [jvm.dll+0x49f34f]
V  [jvm.dll+0x49f363]
V  [jvm.dll+0x49f363]
V  [jvm.dll+0x49f363]
V  [jvm.dll+0x49f363]
V  [jvm.dll+0x49f363]
V  [jvm.dll+0x49f363]
V  [jvm.dll+0x48edd5]
V  [jvm.dll+0x442c29]
V  [jvm.dll+0x4404ab]
V  [jvm.dll+0x42b38b]
V  [jvm.dll+0xac22b]
V  [jvm.dll+0xaa88b]
V  [jvm.dll+0x23df22]
V  [jvm.dll+0x29253c]
C  [ucrtbase.dll+0x20369]
C  [KERNEL32.DLL+0x12774]
C  [ntdll.dll+0x70d61]


Current CompileTask:
C2:  14204 3557       4       java.lang.invoke.InvokerBytecodeGenerator::emitImplicitConversion (159 bytes)


---------------  P R O C E S S  ---------------

Java Threads: ( => current thread )
  0x0000026999985000 JavaThread "Executor task launch worker for task 0" daemon [_thread_in_Java, id=22608, stack(0x000000f6be300000,0x000000f6be400000)]
  0x0000026999984800 JavaThread "streaming-job-executor-0" daemon [_thread_blocked, id=24972, stack(0x000000f6be200000,0x000000f6be300000)]
  0x0000026999989800 JavaThread "RecurringTimer - JobGenerator" daemon [_thread_blocked, id=3472, stack(0x000000f6be100000,0x000000f6be200000)]
  0x0000026999987800 JavaThread "kafka-coordinator-heartbeat-thread | ODS_BASE_DB_MAXWELL_group" daemon [_thread_blocked, id=22224, stack(0x000000f6be000000,0x000000f6be100000)]
  0x0000026999982000 JavaThread "scala-execution-context-global-60" daemon [_thread_blocked, id=24340, stack(0x000000f6bdf00000,0x000000f6be000000)]
  0x0000026999983800 JavaThread "JobGenerator" daemon [_thread_blocked, id=13476, stack(0x000000f6bde00000,0x000000f6bdf00000)]
  0x0000026999986000 JavaThread "JobScheduler" daemon [_thread_blocked, id=21564, stack(0x000000f6bdd00000,0x000000f6bde00000)]
  0x000002699c338000 JavaThread "spark-listener-group-shared" daemon [_thread_blocked, id=24752, stack(0x000000f6bdb00000,0x000000f6bdc00000)]
  0x000002699c337000 JavaThread "kafka-producer-network-thread | producer-1" daemon [_thread_in_native, id=24456, stack(0x000000f6bda00000,0x000000f6bdb00000)]
  0x000002699c33a000 JavaThread "commons-pool-evictor-thread" daemon [_thread_blocked, id=21468, stack(0x000000f6bd800000,0x000000f6bd900000)]
  0x000002699c338800 JavaThread "element-tracking-store-worker" daemon [_thread_blocked, id=25440, stack(0x000000f6bd700000,0x000000f6bd800000)]
  0x000002699c339800 JavaThread "spark-listener-group-executorManagement" daemon [_thread_blocked, id=20716, stack(0x000000f6bd600000,0x000000f6bd700000)]
  0x000002699c336800 JavaThread "spark-listener-group-appStatus" daemon [_thread_blocked, id=24876, stack(0x000000f6bd500000,0x000000f6bd600000)]
  0x000002699c335800 JavaThread "context-cleaner-periodic-gc" daemon [_thread_blocked, id=10756, stack(0x000000f6bd400000,0x000000f6bd500000)]
  0x000002699c32e000 JavaThread "Spark Context Cleaner" daemon [_thread_blocked, id=16972, stack(0x000000f6bd300000,0x000000f6bd400000)]
  0x000002699c335000 JavaThread "shuffle-boss-6-1" daemon [_thread_in_native, id=24072, stack(0x000000f6bd200000,0x000000f6bd300000)]
  0x000002699c334000 JavaThread "executor-heartbeater" daemon [_thread_blocked, id=24196, stack(0x000000f6bd100000,0x000000f6bd200000)]
  0x000002699c32c800 JavaThread "driver-heartbeater" daemon [_thread_blocked, id=12984, stack(0x000000f6bd000000,0x000000f6bd100000)]
  0x000002699c333800 JavaThread "dag-scheduler-event-loop" daemon [_thread_blocked, id=1680, stack(0x000000f6bcf00000,0x000000f6bd000000)]
  0x000002699c332800 JavaThread "netty-rpc-env-timeout" daemon [_thread_blocked, id=25512, stack(0x000000f6bce00000,0x000000f6bcf00000)]
  0x000002699c332000 JavaThread "Timer-1" daemon [_thread_blocked, id=21184, stack(0x000000f6bcd00000,0x000000f6bce00000)]
  0x000002699c32b000 JavaThread "Timer-0" daemon [_thread_blocked, id=3292, stack(0x000000f6bcc00000,0x000000f6bcd00000)]
  0x000002699c32d800 JavaThread "heartbeat-receiver-event-loop-thread" daemon [_thread_blocked, id=17964, stack(0x000000f6bcb00000,0x000000f6bcc00000)]
  0x000002699c331000 JavaThread "SparkUI-40" daemon [_thread_blocked, id=24376, stack(0x000000f6bca00000,0x000000f6bcb00000)]
  0x000002699c32f000 JavaThread "SparkUI-39" daemon [_thread_blocked, id=17876, stack(0x000000f6bc900000,0x000000f6bca00000)]
  0x000002699c32c000 JavaThread "SparkUI-38-acceptor-0@6581161-ServerConnector@89fffda{HTTP/1.1,[http/1.1]}{0.0.0.0:4040}" daemon [_thread_in_native, id=18880, stack(0x000000f6bc800000,0x000000f6bc900000)]
  0x000002699c330800 JavaThread "SparkUI-37" daemon [_thread_blocked, id=23796, stack(0x000000f6bc700000,0x000000f6bc800000)]
  0x000002699c32f800 JavaThread "SparkUI-36" daemon [_thread_in_native, id=21764, stack(0x000000f6bc600000,0x000000f6bc700000)]
  0x000002699bd02000 JavaThread "SparkUI-35" daemon [_thread_in_native, id=20568, stack(0x000000f6bc500000,0x000000f6bc600000)]
  0x000002699bd03000 JavaThread "SparkUI-34" daemon [_thread_in_native, id=12600, stack(0x000000f6bc400000,0x000000f6bc500000)]
  0x000002699bd01800 JavaThread "SparkUI-33" daemon [_thread_in_native, id=16120, stack(0x000000f6bc300000,0x000000f6bc400000)]
  0x000002699bd00800 JavaThread "RemoteBlock-temp-file-clean-thread" daemon [_thread_blocked, id=25228, stack(0x000000f6bc200000,0x000000f6bc300000)]
  0x000002699bd04800 JavaThread "dispatcher-BlockManagerEndpoint1" daemon [_thread_blocked, id=17940, stack(0x000000f6bc100000,0x000000f6bc200000)]
  0x000002699bcff000 JavaThread "dispatcher-BlockManagerMaster" daemon [_thread_blocked, id=21852, stack(0x000000f6bc000000,0x000000f6bc100000)]
  0x000002699bd06000 JavaThread "map-output-dispatcher-7" daemon [_thread_blocked, id=9828, stack(0x000000f6bbf00000,0x000000f6bc000000)]
  0x000002699bd05000 JavaThread "map-output-dispatcher-6" daemon [_thread_blocked, id=3868, stack(0x000000f6bbe00000,0x000000f6bbf00000)]
  0x000002699bd03800 JavaThread "map-output-dispatcher-5" daemon [_thread_blocked, id=5380, stack(0x000000f6bbd00000,0x000000f6bbe00000)]
  0x000002699bd00000 JavaThread "map-output-dispatcher-4" daemon [_thread_blocked, id=19708, stack(0x000000f6bbc00000,0x000000f6bbd00000)]
  0x000002699c117000 JavaThread "map-output-dispatcher-3" daemon [_thread_blocked, id=25496, stack(0x000000f6bbb00000,0x000000f6bbc00000)]
  0x000002699c116000 JavaThread "map-output-dispatcher-2" daemon [_thread_blocked, id=23836, stack(0x000000f6bba00000,0x000000f6bbb00000)]
  0x000002699c115800 JavaThread "map-output-dispatcher-1" daemon [_thread_blocked, id=23524, stack(0x000000f6bb900000,0x000000f6bba00000)]
  0x000002699c115000 JavaThread "map-output-dispatcher-0" daemon [_thread_blocked, id=20300, stack(0x000000f6bb800000,0x000000f6bb900000)]
  0x000002699c167800 JavaThread "dispatcher-event-loop-3" daemon [_thread_blocked, id=14108, stack(0x000000f6bb700000,0x000000f6bb800000)]
  0x000002699c448800 JavaThread "dispatcher-event-loop-2" daemon [_thread_blocked, id=21068, stack(0x000000f6bb600000,0x000000f6bb700000)]
  0x000002699bd08000 JavaThread "dispatcher-event-loop-1" daemon [_thread_blocked, id=21904, stack(0x000000f6bb500000,0x000000f6bb600000)]
  0x000002699b8dd000 JavaThread "dispatcher-event-loop-0" daemon [_thread_blocked, id=19400, stack(0x000000f6bb400000,0x000000f6bb500000)]
  0x000002699bd24000 JavaThread "rpc-boss-3-1" daemon [_thread_in_native, id=14968, stack(0x000000f6bb300000,0x000000f6bb400000)]
  0x00000269991ce800 JavaThread "Service Thread" daemon [_thread_blocked, id=20896, stack(0x000000f6bb100000,0x000000f6bb200000)]
  0x0000026999187800 JavaThread "C1 CompilerThread3" daemon [_thread_blocked, id=20840, stack(0x000000f6bb000000,0x000000f6bb100000)]
  0x0000026999181800 JavaThread "C2 CompilerThread2" daemon [_thread_in_native, id=1164, stack(0x000000f6baf00000,0x000000f6bb000000)]
  0x0000026999181000 JavaThread "C2 CompilerThread1" daemon [_thread_in_native, id=7972, stack(0x000000f6bae00000,0x000000f6baf00000)]
=>0x000002699916d000 JavaThread "C2 CompilerThread0" daemon [_thread_in_native, id=21736, stack(0x000000f6bad00000,0x000000f6bae00000)]
  0x0000026999158800 JavaThread "JDWP Command Reader" daemon [_thread_in_native, id=7772, stack(0x000000f6bac00000,0x000000f6bad00000)]
  0x0000026999157800 JavaThread "JDWP Event Helper Thread" daemon [_thread_blocked, id=24388, stack(0x000000f6bab00000,0x000000f6bac00000)]
  0x00000269ffdcb000 JavaThread "JDWP Transport Listener: dt_socket" daemon [_thread_blocked, id=10656, stack(0x000000f6baa00000,0x000000f6bab00000)]
  0x00000269ffd97800 JavaThread "Attach Listener" daemon [_thread_blocked, id=12580, stack(0x000000f6ba900000,0x000000f6baa00000)]
  0x0000026999153800 JavaThread "Signal Dispatcher" daemon [_thread_blocked, id=8468, stack(0x000000f6ba800000,0x000000f6ba900000)]
  0x00000269fc3be000 JavaThread "Finalizer" daemon [_thread_blocked, id=23620, stack(0x000000f6ba700000,0x000000f6ba800000)]
  0x00000269ffd68000 JavaThread "Reference Handler" daemon [_thread_blocked, id=8740, stack(0x000000f6ba600000,0x000000f6ba700000)]
  0x00000269fc323800 JavaThread "main" [_thread_blocked, id=24968, stack(0x000000f6b9c00000,0x000000f6b9d00000)]

Other Threads:
  0x00000269ffd42800 VMThread [stack: 0x000000f6ba500000,0x000000f6ba600000] [id=4080]
  0x0000026999306000 WatcherThread [stack: 0x000000f6bb200000,0x000000f6bb300000] [id=22908]

VM state:not at safepoint (normal execution)

VM Mutex/Monitor currently owned by a thread: None

heap address: 0x00000006c1400000, size: 4076 MB, Compressed Oops mode: Zero based, Oop shift amount: 3
Narrow klass base: 0x0000000000000000, Narrow klass shift: 3
Compressed class space size: 1073741824 Address: 0x00000007c0000000

Heap:
 PSYoungGen      total 128512K, used 78145K [0x000000076b180000, 0x0000000776400000, 0x00000007c0000000)
  eden space 117760K, 66% used [0x000000076b180000,0x000000076fdd07b0,0x0000000772480000)
  from space 10752K, 0% used [0x0000000772480000,0x0000000772480000,0x0000000772f00000)
  to   space 11776K, 0% used [0x0000000775880000,0x0000000775880000,0x0000000776400000)
 ParOldGen       total 270848K, used 18223K [0x00000006c1400000, 0x00000006d1c80000, 0x000000076b180000)
  object space 270848K, 6% used [0x00000006c1400000,0x00000006c25cbde8,0x00000006d1c80000)
 Metaspace       used 57495K, capacity 63282K, committed 63448K, reserved 1107968K
  class space    used 7893K, capacity 8560K, committed 8664K, reserved 1048576K

Card table byte_map: [0x00000269fe490000,0x00000269fec90000] byte_map_base: 0x00000269fae86000

Marking Bits: (ParMarkBitMap*) 0x0000000053d98030
 Begin Bits: [0x000002698f000000, 0x0000026992fb0000)
 End Bits:   [0x0000026992fb0000, 0x0000026996f60000)

Polling page: 0x00000269fdc00000

CodeCache: size=245760Kb used=10827Kb max_used=10827Kb free=234932Kb
 bounds [0x0000026980000000, 0x0000026980aa0000, 0x000002698f000000]
 total_blobs=4072 nmethods=3298 adapters=693
 compilation: enabled

Compilation events (10 events):
Event: 14.139 Thread 0x0000026999187800 3616       3       java.lang.invoke.Invokers::checkExactType (30 bytes)
Event: 14.139 Thread 0x0000026999187800 nmethod 3616 0x0000026980a8ef90 code [0x0000026980a8f120, 0x0000026980a8f570]
Event: 14.140 Thread 0x000002699916d000 nmethod 3537 0x0000026980a8df10 code [0x0000026980a8e0a0, 0x0000026980a8e8b8]
Event: 14.140 Thread 0x000002699916d000 3516       4       java.lang.ref.SoftReference::get (29 bytes)
Event: 14.140 Thread 0x000002699916d000 nmethod 3516 0x0000026980a8dcd0 code [0x0000026980a8de00, 0x0000026980a8de98]
Event: 14.141 Thread 0x000002699916d000 3557       4       java.lang.invoke.InvokerBytecodeGenerator::emitImplicitConversion (159 bytes)
Event: 14.157 Thread 0x0000026999187800 3618       3       java.lang.invoke.MethodType::appendParameterTypes (10 bytes)
Event: 14.157 Thread 0x0000026999187800 nmethod 3618 0x0000026980a902d0 code [0x0000026980a90440, 0x0000026980a90750]
Event: 14.157 Thread 0x0000026999187800 3620       3       java.lang.invoke.LambdaForm$NamedFunction::<init> (15 bytes)
Event: 14.157 Thread 0x0000026999187800 nmethod 3620 0x0000026980a8fd90 code [0x0000026980a8fee0, 0x0000026980a900b8]

GC Heap History (10 events):
Event: 6.477 GC heap before
{Heap before GC invocations=6 (full 2):
 PSYoungGen      total 99328K, used 6757K [0x000000076b180000, 0x0000000772000000, 0x00000007c0000000)
  eden space 88576K, 0% used [0x000000076b180000,0x000000076b180000,0x0000000770800000)
  from space 10752K, 62% used [0x0000000771280000,0x0000000771919578,0x0000000771d00000)
  to   space 10752K, 0% used [0x0000000770800000,0x0000000770800000,0x0000000771280000)
 ParOldGen       total 113152K, used 9023K [0x00000006c1400000, 0x00000006c8280000, 0x000000076b180000)
  object space 113152K, 7% used [0x00000006c1400000,0x00000006c1ccfca8,0x00000006c8280000)
 Metaspace       used 33527K, capacity 35277K, committed 35456K, reserved 1079296K
  class space    used 4638K, capacity 4870K, committed 4992K, reserved 1048576K
Event: 6.542 GC heap after
Heap after GC invocations=6 (full 2):
 PSYoungGen      total 99328K, used 0K [0x000000076b180000, 0x0000000772000000, 0x00000007c0000000)
  eden space 88576K, 0% used [0x000000076b180000,0x000000076b180000,0x0000000770800000)
  from space 10752K, 0% used [0x0000000771280000,0x0000000771280000,0x0000000771d00000)
  to   space 10752K, 0% used [0x0000000770800000,0x0000000770800000,0x0000000771280000)
 ParOldGen       total 188928K, used 11147K [0x00000006c1400000, 0x00000006ccc80000, 0x000000076b180000)
  object space 188928K, 5% used [0x00000006c1400000,0x00000006c1ee2f38,0x00000006ccc80000)
 Metaspace       used 33527K, capacity 35277K, committed 35456K, reserved 1079296K
  class space    used 4638K, capacity 4870K, committed 4992K, reserved 1048576K
}
Event: 7.983 GC heap before
{Heap before GC invocations=7 (full 2):
 PSYoungGen      total 99328K, used 88576K [0x000000076b180000, 0x0000000772000000, 0x00000007c0000000)
  eden space 88576K, 100% used [0x000000076b180000,0x0000000770800000,0x0000000770800000)
  from space 10752K, 0% used [0x0000000771280000,0x0000000771280000,0x0000000771d00000)
  to   space 10752K, 0% used [0x0000000770800000,0x0000000770800000,0x0000000771280000)
 ParOldGen       total 188928K, used 11147K [0x00000006c1400000, 0x00000006ccc80000, 0x000000076b180000)
  object space 188928K, 5% used [0x00000006c1400000,0x00000006c1ee2f38,0x00000006ccc80000)
 Metaspace       used 40719K, capacity 43001K, committed 43264K, reserved 1087488K
  class space    used 5518K, capacity 5780K, committed 5888K, reserved 1048576K
Event: 8.000 GC heap after
Heap after GC invocations=7 (full 2):
 PSYoungGen      total 99328K, used 7697K [0x000000076b180000, 0x0000000773900000, 0x00000007c0000000)
  eden space 88576K, 0% used [0x000000076b180000,0x000000076b180000,0x0000000770800000)
  from space 10752K, 71% used [0x0000000770800000,0x0000000770f847b8,0x0000000771280000)
  to   space 10240K, 0% used [0x0000000772f00000,0x0000000772f00000,0x0000000773900000)
 ParOldGen       total 188928K, used 11155K [0x00000006c1400000, 0x00000006ccc80000, 0x000000076b180000)
  object space 188928K, 5% used [0x00000006c1400000,0x00000006c1ee4f38,0x00000006ccc80000)
 Metaspace       used 40719K, capacity 43001K, committed 43264K, reserved 1087488K
  class space    used 5518K, capacity 5780K, committed 5888K, reserved 1048576K
}
Event: 8.843 GC heap before
{Heap before GC invocations=8 (full 2):
 PSYoungGen      total 99328K, used 96273K [0x000000076b180000, 0x0000000773900000, 0x00000007c0000000)
  eden space 88576K, 100% used [0x000000076b180000,0x0000000770800000,0x0000000770800000)
  from space 10752K, 71% used [0x0000000770800000,0x0000000770f847b8,0x0000000771280000)
  to   space 10240K, 0% used [0x0000000772f00000,0x0000000772f00000,0x0000000773900000)
 ParOldGen       total 188928K, used 11155K [0x00000006c1400000, 0x00000006ccc80000, 0x000000076b180000)
  object space 188928K, 5% used [0x00000006c1400000,0x00000006c1ee4f38,0x00000006ccc80000)
 Metaspace       used 47835K, capacity 50415K, committed 50432K, reserved 1093632K
  class space    used 6385K, capacity 6654K, committed 6656K, reserved 1048576K
Event: 8.851 GC heap after
Heap after GC invocations=8 (full 2):
 PSYoungGen      total 128000K, used 9600K [0x000000076b180000, 0x0000000773b80000, 0x00000007c0000000)
  eden space 117760K, 0% used [0x000000076b180000,0x000000076b180000,0x0000000772480000)
  from space 10240K, 93% used [0x0000000772f00000,0x0000000773860340,0x0000000773900000)
  to   space 10752K, 0% used [0x0000000772480000,0x0000000772480000,0x0000000772f00000)
 ParOldGen       total 188928K, used 11163K [0x00000006c1400000, 0x00000006ccc80000, 0x000000076b180000)
  object space 188928K, 5% used [0x00000006c1400000,0x00000006c1ee6f38,0x00000006ccc80000)
 Metaspace       used 47835K, capacity 50415K, committed 50432K, reserved 1093632K
  class space    used 6385K, capacity 6654K, committed 6656K, reserved 1048576K
}
Event: 13.218 GC heap before
{Heap before GC invocations=9 (full 2):
 PSYoungGen      total 128000K, used 97648K [0x000000076b180000, 0x0000000773b80000, 0x00000007c0000000)
  eden space 117760K, 74% used [0x000000076b180000,0x000000077077bff8,0x0000000772480000)
  from space 10240K, 93% used [0x0000000772f00000,0x0000000773860340,0x0000000773900000)
  to   space 10752K, 0% used [0x0000000772480000,0x0000000772480000,0x0000000772f00000)
 ParOldGen       total 188928K, used 11163K [0x00000006c1400000, 0x00000006ccc80000, 0x000000076b180000)
  object space 188928K, 5% used [0x00000006c1400000,0x00000006c1ee6f38,0x00000006ccc80000)
 Metaspace       used 54964K, capacity 59013K, committed 59096K, reserved 1099776K
  class space    used 7414K, capacity 7849K, committed 7896K, reserved 1048576K
Event: 13.254 GC heap after
Heap after GC invocations=9 (full 2):
 PSYoungGen      total 128512K, used 10395K [0x000000076b180000, 0x0000000776400000, 0x00000007c0000000)
  eden space 117760K, 0% used [0x000000076b180000,0x000000076b180000,0x0000000772480000)
  from space 10752K, 96% used [0x0000000772480000,0x0000000772ea6c58,0x0000000772f00000)
  to   space 11776K, 0% used [0x0000000775880000,0x0000000775880000,0x0000000776400000)
 ParOldGen       total 188928K, used 11171K [0x00000006c1400000, 0x00000006ccc80000, 0x000000076b180000)
  object space 188928K, 5% used [0x00000006c1400000,0x00000006c1ee8f38,0x00000006ccc80000)
 Metaspace       used 54964K, capacity 59013K, committed 59096K, reserved 1099776K
  class space    used 7414K, capacity 7849K, committed 7896K, reserved 1048576K
}
Event: 13.254 GC heap before
{Heap before GC invocations=10 (full 3):
 PSYoungGen      total 128512K, used 10395K [0x000000076b180000, 0x0000000776400000, 0x00000007c0000000)
  eden space 117760K, 0% used [0x000000076b180000,0x000000076b180000,0x0000000772480000)
  from space 10752K, 96% used [0x0000000772480000,0x0000000772ea6c58,0x0000000772f00000)
  to   space 11776K, 0% used [0x0000000775880000,0x0000000775880000,0x0000000776400000)
 ParOldGen       total 188928K, used 11171K [0x00000006c1400000, 0x00000006ccc80000, 0x000000076b180000)
  object space 188928K, 5% used [0x00000006c1400000,0x00000006c1ee8f38,0x00000006ccc80000)
 Metaspace       used 54964K, capacity 59013K, committed 59096K, reserved 1099776K
  class space    used 7414K, capacity 7849K, committed 7896K, reserved 1048576K
Event: 13.433 GC heap after
Heap after GC invocations=10 (full 3):
 PSYoungGen      total 128512K, used 0K [0x000000076b180000, 0x0000000776400000, 0x00000007c0000000)
  eden space 117760K, 0% used [0x000000076b180000,0x000000076b180000,0x0000000772480000)
  from space 10752K, 0% used [0x0000000772480000,0x0000000772480000,0x0000000772f00000)
  to   space 11776K, 0% used [0x0000000775880000,0x0000000775880000,0x0000000776400000)
 ParOldGen       total 270848K, used 18223K [0x00000006c1400000, 0x00000006d1c80000, 0x000000076b180000)
  object space 270848K, 6% used [0x00000006c1400000,0x00000006c25cbde8,0x00000006d1c80000)
 Metaspace       used 54964K, capacity 59013K, committed 59096K, reserved 1099776K
  class space    used 7414K, capacity 7849K, committed 7896K, reserved 1048576K
}

Deoptimization events (10 events):
Event: 12.869 Thread 0x0000026999984800 Uncommon trap: reason=unstable_if action=reinterpret pc=0x000002698069e1e8 method=java.util.concurrent.ConcurrentHashMap.get(Ljava/lang/Object;)Ljava/lang/Object; @ 152
Event: 12.901 Thread 0x0000026999984800 Uncommon trap: reason=unstable_if action=reinterpret pc=0x00000269804870a4 method=org.apache.xbean.asm7.ClassReader.readUTF8(I[C)Ljava/lang/String; @ 11
Event: 13.681 Thread 0x0000026999985000 Uncommon trap: reason=class_check action=maybe_recompile pc=0x000002698073d7c8 method=java.lang.ClassLoader.loadClass(Ljava/lang/String;Z)Ljava/lang/Class; @ 38
Event: 13.682 Thread 0x0000026999985000 Uncommon trap: reason=class_check action=maybe_recompile pc=0x000002698073d7c8 method=java.lang.ClassLoader.loadClass(Ljava/lang/String;Z)Ljava/lang/Class; @ 38
Event: 13.682 Thread 0x0000026999985000 Uncommon trap: reason=class_check action=maybe_recompile pc=0x000002698073d7c8 method=java.lang.ClassLoader.loadClass(Ljava/lang/String;Z)Ljava/lang/Class; @ 38
Event: 13.682 Thread 0x0000026999985000 Uncommon trap: reason=class_check action=maybe_recompile pc=0x000002698073d7c8 method=java.lang.ClassLoader.loadClass(Ljava/lang/String;Z)Ljava/lang/Class; @ 38
Event: 13.767 Thread 0x0000026999985000 Uncommon trap: reason=unstable_if action=reinterpret pc=0x00000269809d74f8 method=jdk.internal.org.objectweb.asm.MethodWriter.<init>(Ljdk/internal/org/objectweb/asm/ClassWriter;ILjava/lang/String;Ljava/lang/String;Ljava/lang/String;[Ljava/lang/String;ZZ)V
Event: 13.767 Thread 0x0000026999985000 Uncommon trap: reason=unstable_if action=reinterpret pc=0x00000269807ddf94 method=jdk.internal.org.objectweb.asm.Item.isEqualTo(Ljdk/internal/org/objectweb/asm/Item;)Z @ 345
Event: 13.767 Thread 0x0000026999985000 Uncommon trap: reason=unstable_if action=reinterpret pc=0x00000269809d27a4 method=jdk.internal.org.objectweb.asm.MethodWriter.getSize()I @ 338
Event: 13.902 Thread 0x0000026999985000 Uncommon trap: reason=unstable_if action=reinterpret pc=0x0000026980a29e18 method=jdk.internal.org.objectweb.asm.MethodWriter.put(Ljdk/internal/org/objectweb/asm/ByteVector;)V @ 92

Classes redefined (0 events):
No events

Internal exceptions (10 events):
Event: 13.486 Thread 0x000002699c333800 Exception <a 'java/lang/NoSuchMethodError': <clinit>> (0x000000076b89e7f8) thrown at [C:\jenkins\workspace\8-2-build-windows-amd64-cygwin\jdk8u311\1894\hotspot\src\share\vm\prims\jni.cpp, line 1615]
Event: 13.488 Thread 0x000002699c333800 Exception <a 'java/lang/NoSuchMethodError': <clinit>> (0x000000076b8acb18) thrown at [C:\jenkins\workspace\8-2-build-windows-amd64-cygwin\jdk8u311\1894\hotspot\src\share\vm\prims\jni.cpp, line 1615]
Event: 13.496 Thread 0x000002699c333800 Exception <a 'java/lang/NoSuchMethodError': <clinit>> (0x000000076b8e1858) thrown at [C:\jenkins\workspace\8-2-build-windows-amd64-cygwin\jdk8u311\1894\hotspot\src\share\vm\prims\jni.cpp, line 1615]
Event: 13.499 Thread 0x000002699c333800 Exception <a 'java/lang/NoSuchMethodError': <clinit>> (0x000000076b8eb200) thrown at [C:\jenkins\workspace\8-2-build-windows-amd64-cygwin\jdk8u311\1894\hotspot\src\share\vm\prims\jni.cpp, line 1615]
Event: 13.501 Thread 0x000002699c333800 Exception <a 'java/lang/NoSuchMethodError': <clinit>> (0x000000076b8faa08) thrown at [C:\jenkins\workspace\8-2-build-windows-amd64-cygwin\jdk8u311\1894\hotspot\src\share\vm\prims\jni.cpp, line 1615]
Event: 13.506 Thread 0x000002699c333800 Exception <a 'java/lang/NoSuchMethodError': <clinit>> (0x000000076b90ee88) thrown at [C:\jenkins\workspace\8-2-build-windows-amd64-cygwin\jdk8u311\1894\hotspot\src\share\vm\prims\jni.cpp, line 1615]
Event: 13.577 Thread 0x000002699c333800 Exception <a 'java/lang/NoSuchMethodError': java.lang.Object.$anonfun$unzip$1(Lscala/Function1;Lscala/collection/mutable/Builder;Lscala/collection/mutable/Builder;Ljava/lang/Object;)Lscala/collection/mutable/Builder;> (0x000000076bb97fa8) thrown at [C:\je
Event: 13.630 Thread 0x000002699b8dd000 Exception <a 'java/lang/NoSuchMethodError': <clinit>> (0x000000076bdb8518) thrown at [C:\jenkins\workspace\8-2-build-windows-amd64-cygwin\jdk8u311\1894\hotspot\src\share\vm\prims\jni.cpp, line 1615]
Event: 13.631 Thread 0x000002699b8dd000 Exception <a 'java/lang/NoSuchMethodError': <clinit>> (0x000000076bdbff58) thrown at [C:\jenkins\workspace\8-2-build-windows-amd64-cygwin\jdk8u311\1894\hotspot\src\share\vm\prims\jni.cpp, line 1615]
Event: 13.633 Thread 0x000002699b8dd000 Exception <a 'java/lang/NoSuchMethodError': <clinit>> (0x000000076bde22b0) thrown at [C:\jenkins\workspace\8-2-build-windows-amd64-cygwin\jdk8u311\1894\hotspot\src\share\vm\prims\jni.cpp, line 1615]

Events (10 events):
Event: 14.162 loading class org/apache/spark/scheduler/EventLoggingListener
Event: 14.162 loading class org/apache/spark/scheduler/EventLoggingListener done
Event: 14.162 loading class org/apache/spark/ui/ConsoleProgressBar
Event: 14.162 loading class org/apache/spark/ui/ConsoleProgressBar done
Event: 14.162 loading class org/apache/spark/scheduler/SparkListenerInterface
Event: 14.162 loading class org/apache/spark/scheduler/SparkListenerInterface done
Event: 14.162 loading class org/apache/spark/SparkContext
Event: 14.162 loading class org/apache/spark/SparkContext done
Event: 14.162 loading class org/apache/spark/SparkContext
Event: 14.162 loading class org/apache/spark/SparkContext done


Dynamic libraries:
0x00007ff7f27e0000 - 0x00007ff7f2827000 	D:\Java\jdk1.8.0_311\bin\java.exe
0x00007ffdc8f20000 - 0x00007ffdc90fb000 	C:\Windows\SYSTEM32\ntdll.dll
0x00007ffdc7e80000 - 0x00007ffdc7f2e000 	C:\Windows\System32\KERNEL32.DLL
0x00007ffdc6230000 - 0x00007ffdc6479000 	C:\Windows\System32\KERNELBASE.dll
0x00007ffdc8280000 - 0x00007ffdc8321000 	C:\Windows\System32\ADVAPI32.dll
0x00007ffdc7de0000 - 0x00007ffdc7e7d000 	C:\Windows\System32\msvcrt.dll
0x00007ffdc65e0000 - 0x00007ffdc6639000 	C:\Windows\System32\sechost.dll
0x00007ffdc8080000 - 0x00007ffdc81a5000 	C:\Windows\System32\RPCRT4.dll
0x00007ffdc85b0000 - 0x00007ffdc86fa000 	C:\Windows\System32\USER32.dll
0x00007ffdc5670000 - 0x00007ffdc568e000 	C:\Windows\System32\win32u.dll
0x00007ffdc7f90000 - 0x00007ffdc7fb7000 	C:\Windows\System32\GDI32.dll
0x00007ffdc5440000 - 0x00007ffdc55c9000 	C:\Windows\System32\gdi32full.dll
0x00007ffdc55d0000 - 0x00007ffdc566a000 	C:\Windows\System32\msvcp_win.dll
0x00007ffdc5d90000 - 0x00007ffdc5e86000 	C:\Windows\System32\ucrtbase.dll
0x00007ffdb0d60000 - 0x00007ffdb0fc7000 	C:\Windows\WinSxS\amd64_microsoft.windows.common-controls_6595b64144ccf1df_6.0.15063.0_none_108e4f62dfe5d999\COMCTL32.dll
0x00007ffdc6640000 - 0x00007ffdc6939000 	C:\Windows\System32\combase.dll
0x00007ffdc61c0000 - 0x00007ffdc622a000 	C:\Windows\System32\bcryptPrimitives.dll
0x00007ffdc8b60000 - 0x00007ffdc8b8d000 	C:\Windows\System32\IMM32.DLL
0x0000000056140000 - 0x000000005614c000 	C:\Program Files (x86)\360\360Safe\safemon\SafeWrapper.dll
0x00007ffdb9750000 - 0x00007ffdb97e2000 	C:\Program Files (x86)\360\360Safe\safemon\libzdtp64.dll
0x00007ffdc6940000 - 0x00007ffdc7d77000 	C:\Windows\System32\SHELL32.dll
0x00007ffdc5e90000 - 0x00007ffdc5ed9000 	C:\Windows\System32\cfgmgr32.dll
0x00007ffdc8df0000 - 0x00007ffdc8e9a000 	C:\Windows\System32\shcore.dll
0x00007ffdc5690000 - 0x00007ffdc5d82000 	C:\Windows\System32\windows.storage.dll
0x00007ffdc7d80000 - 0x00007ffdc7dd1000 	C:\Windows\System32\shlwapi.dll
0x00007ffdc5390000 - 0x00007ffdc53a1000 	C:\Windows\System32\kernel.appcore.dll
0x00007ffdc53b0000 - 0x00007ffdc53fc000 	C:\Windows\System32\powrprof.dll
0x00007ffdc5420000 - 0x00007ffdc5435000 	C:\Windows\System32\profapi.dll
0x00007ffdc50e0000 - 0x00007ffdc50ea000 	C:\Windows\SYSTEM32\VERSION.dll
0x00007ffda7350000 - 0x00007ffda7365000 	D:\Java\jdk1.8.0_311\jre\bin\vcruntime140.dll
0x00007ffda72b0000 - 0x00007ffda734b000 	D:\Java\jdk1.8.0_311\jre\bin\msvcp140.dll
0x00000000535b0000 - 0x0000000053e10000 	D:\Java\jdk1.8.0_311\jre\bin\server\jvm.dll
0x00007ffdc8060000 - 0x00007ffdc8068000 	C:\Windows\System32\PSAPI.DLL
0x00007ffdc30c0000 - 0x00007ffdc30e3000 	C:\Windows\SYSTEM32\WINMM.dll
0x00007ffdc2f80000 - 0x00007ffdc2fab000 	C:\Windows\SYSTEM32\WINMMBASE.dll
0x00007ffdb58e0000 - 0x00007ffdb58e9000 	C:\Windows\SYSTEM32\WSOCK32.dll
0x00007ffdc8210000 - 0x00007ffdc827c000 	C:\Windows\System32\WS2_32.dll
0x00007ffdc1070000 - 0x00007ffdc1080000 	D:\Java\jdk1.8.0_311\jre\bin\verify.dll
0x00007ffd9e410000 - 0x00007ffd9e43b000 	D:\Java\jdk1.8.0_311\jre\bin\java.dll
0x00007ffdbe9c0000 - 0x00007ffdbe9f6000 	D:\Java\jdk1.8.0_311\jre\bin\jdwp.dll
0x00007ffdc1030000 - 0x00007ffdc1039000 	D:\Java\jdk1.8.0_311\jre\bin\npt.dll
0x00007ffdb4b80000 - 0x00007ffdb4bb0000 	D:\Java\jdk1.8.0_311\jre\bin\instrument.dll
0x00007ffda00d0000 - 0x00007ffda00e8000 	D:\Java\jdk1.8.0_311\jre\bin\zip.dll
0x00007ffdb9200000 - 0x00007ffdb920a000 	D:\Java\jdk1.8.0_311\jre\bin\dt_socket.dll
0x00007ffdc4340000 - 0x00007ffdc439c000 	C:\Windows\system32\mswsock.dll
0x00007ffd9fec0000 - 0x00007ffd9fedc000 	D:\Java\jdk1.8.0_311\jre\bin\net.dll
0x00007ffda73b0000 - 0x00007ffda73c6000 	C:\Windows\system32\napinsp.dll
0x00007ffda7370000 - 0x00007ffda738a000 	C:\Windows\system32\pnrpnsp.dll
0x00007ffdc18e0000 - 0x00007ffdc18f8000 	C:\Windows\system32\NLAapi.dll
0x00007ffdc4140000 - 0x00007ffdc41e4000 	C:\Windows\SYSTEM32\DNSAPI.dll
0x00007ffdc65d0000 - 0x00007ffdc65d8000 	C:\Windows\System32\NSI.dll
0x00007ffdc4800000 - 0x00007ffdc4837000 	C:\Windows\SYSTEM32\IPHLPAPI.DLL
0x00007ffda7210000 - 0x00007ffda721e000 	C:\Windows\System32\winrnr.dll
0x00007ffda7160000 - 0x00007ffda7175000 	C:\Windows\System32\wshbth.dll
0x0000000055710000 - 0x0000000055736000 	C:\Program Files\Bonjour\mdnsNSP.dll
0x00007ffdbb1f0000 - 0x00007ffdbb1fa000 	C:\Windows\System32\rasadhlp.dll
0x00007ffdbc640000 - 0x00007ffdbc6ab000 	C:\Windows\System32\fwpuclnt.dll
0x00007ffdc5260000 - 0x00007ffdc5285000 	C:\Windows\SYSTEM32\bcrypt.dll
0x00007ffdb4d20000 - 0x00007ffdb4d2d000 	D:\Java\jdk1.8.0_311\jre\bin\management.dll
0x00007ffdb4cf0000 - 0x00007ffdb4cfa000 	D:\Java\jdk1.8.0_311\jre\bin\w2k_lsa_auth.dll
0x00007ffdb97f0000 - 0x00007ffdb97fc000 	C:\Windows\SYSTEM32\Secur32.dll
0x00007ffdc52c0000 - 0x00007ffdc52f0000 	C:\Windows\SYSTEM32\SSPICLI.DLL
0x00007ffdafcc0000 - 0x00007ffdafcda000 	C:\Windows\System32\hadoop.dll
0x0000000054020000 - 0x00000000540f2000 	C:\Windows\SYSTEM32\MSVCR100.dll
0x00007ffdc3c60000 - 0x00007ffdc3ca8000 	C:\Windows\SYSTEM32\AUTHZ.dll
0x00007ffdc47e0000 - 0x00007ffdc47f7000 	C:\Windows\SYSTEM32\NETAPI32.dll
0x00007ffdc4770000 - 0x00007ffdc477d000 	C:\Windows\SYSTEM32\NETUTILS.DLL
0x00007ffdbcd00000 - 0x00007ffdbcd18000 	C:\Windows\SYSTEM32\SAMCLI.DLL
0x00007ffdb4610000 - 0x00007ffdb4619000 	D:\Java\jdk1.8.0_311\jre\bin\jaas_nt.dll
0x00007ffd9fda0000 - 0x00007ffd9fdb3000 	D:\Java\jdk1.8.0_311\jre\bin\nio.dll
0x00007ffdc4e40000 - 0x00007ffdc4e57000 	C:\Windows\SYSTEM32\CRYPTSP.dll
0x00007ffdc3fd0000 - 0x00007ffdc4004000 	C:\Windows\system32\rsaenh.dll
0x00007ffdc5290000 - 0x00007ffdc52b9000 	C:\Windows\SYSTEM32\USERENV.dll
0x00007ffdc47a0000 - 0x00007ffdc47ab000 	C:\Windows\SYSTEM32\CRYPTBASE.dll
0x00007ffdbff50000 - 0x00007ffdbff66000 	C:\Windows\SYSTEM32\dhcpcsvc6.DLL
0x00007ffdbfce0000 - 0x00007ffdbfcfa000 	C:\Windows\SYSTEM32\dhcpcsvc.DLL
0x0000000066f40000 - 0x0000000066fc3000 	C:\Users\PC\AppData\Local\Temp\liblz4-java-5338112768278981857.so
0x00007ffdc4f20000 - 0x00007ffdc50c9000 	C:\Windows\SYSTEM32\dbghelp.dll

VM Arguments:
jvm_args: -agentlib:jdwp=transport=dt_socket,address=127.0.0.1:63978,suspend=y,server=n -javaagent:C:\Users\PC\AppData\Local\JetBrains\IntelliJIdea2021.3\captureAgent\debugger-agent.jar -Dfile.encoding=UTF-8 
java_command: com.spark.kafka.ods_1.odsBaseDb
java_class_path (initial): D:\Java\jdk1.8.0_311\jre\lib\charsets.jar;D:\Java\jdk1.8.0_311\jre\lib\deploy.jar;D:\Java\jdk1.8.0_311\jre\lib\ext\access-bridge-64.jar;D:\Java\jdk1.8.0_311\jre\lib\ext\cldrdata.jar;D:\Java\jdk1.8.0_311\jre\lib\ext\dnsns.jar;D:\Java\jdk1.8.0_311\jre\lib\ext\jaccess.jar;D:\Java\jdk1.8.0_311\jre\lib\ext\jfxrt.jar;D:\Java\jdk1.8.0_311\jre\lib\ext\localedata.jar;D:\Java\jdk1.8.0_311\jre\lib\ext\nashorn.jar;D:\Java\jdk1.8.0_311\jre\lib\ext\sunec.jar;D:\Java\jdk1.8.0_311\jre\lib\ext\sunjce_provider.jar;D:\Java\jdk1.8.0_311\jre\lib\ext\sunmscapi.jar;D:\Java\jdk1.8.0_311\jre\lib\ext\sunpkcs11.jar;D:\Java\jdk1.8.0_311\jre\lib\ext\zipfs.jar;D:\Java\jdk1.8.0_311\jre\lib\javaws.jar;D:\Java\jdk1.8.0_311\jre\lib\jce.jar;D:\Java\jdk1.8.0_311\jre\lib\jfr.jar;D:\Java\jdk1.8.0_311\jre\lib\jfxswt.jar;D:\Java\jdk1.8.0_311\jre\lib\jsse.jar;D:\Java\jdk1.8.0_311\jre\lib\management-agent.jar;D:\Java\jdk1.8.0_311\jre\lib\plugin.jar;D:\Java\jdk1.8.0_311\jre\lib\resources.jar;D:\Java\jdk1.8.0_311\jre\lib\rt.jar;D:\springboot_kafka\SparkKafka\target\classes;D:\apache-maven-3.8.4-bin\repo\com\alibaba\fastjson\1.2.62\fastjson-1.2.62.jar;D:\apache-maven-3.8.4-bin\repo\org\apache\spark\spark-core_2.12\3.0.0\spark-core_2.12-3.0.0.jar;D:\apache-maven-3.8.4-bin\repo\com\thoughtworks\paranamer\paranamer\2.8\paranamer-2.8.jar;D:\apache-maven-3.8.4-bin\repo\org\apache\avro\avro\1.8.2\avro-1.8.2.jar;D:\apache-maven-3.8.4-bin\repo\org\codehaus\jackson\jackson-core-asl\1.9.13\jackson-core-asl-1.9.13.jar;D:\apache-maven-3.8.4-bin\repo\org\codehaus\jackson\jackson-mapper-asl\1.9.13\jackson-mapper-asl-1.9.13.jar;D:\apache-maven-3.8.4-bin\repo\org\apache\commons\commons-compress\1.8.1\commons-compress-1.8.1.jar;D:\apache-maven-3.8.4-bin\repo\org\tukaani\xz\1.5\xz-1.5.jar;D:\apache-maven-3.8.4-bin\repo\org\apache\avro\avro-mapred\1.8.2\avro-mapred-1.8.2-hadoop2.jar;D:\apache-maven-3.8.4-bin\repo\org\apache\avro\avro-ipc\1.8.2\avro-ipc-1.8.2.jar;D:\apache-maven-3.8.4-bin\repo\com\twi
Launcher Type: SUN_STANDARD

Environment Variables:
JAVA_HOME=D:\Java\jdk1.8.0_311
CLASSPATH=.;D:\Java\jdk1.8.0_311\lib;D:\Java\jdk1.8.0_311\lib\tools.jar
PATH=C:\Program Files\NVIDIA GPU Computing Toolkit\CUDA\v10.1\bin;C:\Program Files\NVIDIA GPU Computing Toolkit\CUDA\v10.1\libnvvp;D:\secureCRT\;C:\Program Files (x86)\Common Files\Oracle\Java\javapath;C:\Program Files (x86)\VMware\VMware Workstation\bin\;C:\Windows\system32;C:\Windows;C:\Windows\System32\Wbem;C:\Windows\System32\WindowsPowerShell\v1.0\;C:\Program Files\Intel\WiFi\bin\;C:\Program Files\Common Files\Intel\WirelessCommon\;C:\Program Files (x86)\NVIDIA Corporation\PhysX\Common;D:\apache-maven-3.8.4-bin\apache-maven-3.8.4\bin;D:\Java\jdk1.8.0_311\bin;D:\Git\cmd;D:\hadoop-3.3.1\bin;D:\hadoop-3.3.1\sbin;C:\Program Files\nodejs\;D:\scala-2.12.11\scala-2.12.11\bin;C:\Program Files\NVIDIA Corporation\Nsight Compute 2019.4.0\;C:\Program Files\NVIDIA Corporation\NVIDIA NvDLISR;D:\Java\jdk1.8.0_311\jre\bin;D:\MIT\Kerberos\bin;C:\Users\PC\AppData\Local\Microsoft\WindowsApps;C:\Program Files\Intel\WiFi\bin\;C:\Program Files\Common Files\Intel\WirelessCommon\;D:\idea\IntelliJ IDEA 2021.3.2\bin;;D:\Microsoft VS Code\bin;C:\Users\PC\AppData\Roaming\npm;D:\PyCharm2021.3.2\bin;;D:\DataGrip2020.2.3\bin;
USERNAME=PC
OS=Windows_NT
PROCESSOR_IDENTIFIER=Intel64 Family 6 Model 60 Stepping 3, GenuineIntel



---------------  S Y S T E M  ---------------

OS: Windows 10.0 , 64 bit Build 15063 (10.0.15063.0)

CPU:total 8 (initial active 8) (4 cores per cpu, 2 threads per core) family 6 model 60 stepping 3, cmov, cx8, fxsr, mmx, sse, sse2, sse3, ssse3, sse4.1, sse4.2, popcnt, avx, avx2, aes, clmul, erms, lzcnt, ht, tsc, tscinvbit, bmi1, bmi2

Memory: 4k page, physical 16691564k(3004192k free), swap 32290672k(4116k free)

vm_info: Java HotSpot(TM) 64-Bit Server VM (25.311-b11) for windows-amd64 JRE (1.8.0_311-b11), built on Sep 27 2021 05:15:14 by "java_re" with MS VC++ 15.9 (VS2017)

time: Fri Jun 10 00:20:46 2022
timezone: ?D1¨²¡À¨º¡Á?¨º¡À??
elapsed time: 14.206310 seconds (0d 0h 0m 14s)

