#
# There is insufficient memory for the Java Runtime Environment to continue.
# Native memory allocation (malloc) failed to allocate 131088 bytes for Chunk::new
# Possible reasons:
#   The system is out of physical RAM or swap space
#   The process is running with CompressedOops enabled, and the Java Heap may be blocking the growth of the native heap
# Possible solutions:
#   Reduce memory load on the system
#   Increase physical memory or swap space
#   Check if swap backing store is full
#   Decrease Java heap size (-Xmx/-Xms)
#   Decrease number of Java threads
#   Decrease Java thread stack sizes (-Xss)
#   Set larger code cache with -XX:ReservedCodeCacheSize=
#   JVM is running with Zero Based Compressed Oops mode in which the Java heap is
#     placed in the first 32GB address space. The Java Heap base address is the
#     maximum limit for the native heap growth. Please use -XX:HeapBaseMinAddress
#     to set the Java Heap base and to place the Java Heap above 32GB virtual address.
# This output file may be truncated or incomplete.
#
#  Out of Memory Error (allocation.cpp:389), pid=18004, tid=0x0000000000001d60
#
# JRE version: Java(TM) SE Runtime Environment (8.0_311-b11) (build 1.8.0_311-b11)
# Java VM: Java HotSpot(TM) 64-Bit Server VM (25.311-b11 mixed mode windows-amd64 compressed oops)
# Failed to write core dump. Minidumps are not enabled by default on client versions of Windows
#

---------------  T H R E A D  ---------------

Current thread (0x0000024eab7b4800):  JavaThread "C2 CompilerThread2" daemon [_thread_in_native, id=7520, stack(0x000000cf54b00000,0x000000cf54c00000)]

Stack: [0x000000cf54b00000,0x000000cf54c00000]
Native frames: (J=compiled Java code, j=interpreted, Vv=VM code, C=native code)
V  [jvm.dll+0x32f239]


Current CompileTask:
C2:  18955 4412 %     4       org.apache.xbean.asm7.ClassReader::readCode @ 2165 (5089 bytes)


---------------  P R O C E S S  ---------------

Java Threads: ( => current thread )
  0x0000024eb7472800 JavaThread "task-result-getter-3" daemon [_thread_blocked, id=1216, stack(0x000000cf58c00000,0x000000cf58d00000)]
  0x0000024eb7471000 JavaThread "Executor task launch worker for task 5" daemon [_thread_blocked, id=25168, stack(0x000000cf58b00000,0x000000cf58c00000)]
  0x0000024eb7470000 JavaThread "task-result-getter-2" daemon [_thread_blocked, id=20012, stack(0x000000cf58a00000,0x000000cf58b00000)]
  0x0000024eb7474000 JavaThread "block-manager-ask-thread-pool-1" daemon [_thread_blocked, id=9280, stack(0x000000cf58900000,0x000000cf58a00000)]
  0x0000024eb746e000 JavaThread "block-manager-ask-thread-pool-0" daemon [_thread_blocked, id=1616, stack(0x000000cf58800000,0x000000cf58900000)]
  0x0000024eb7473000 JavaThread "block-manager-slave-async-thread-pool-2" daemon [_thread_blocked, id=24124, stack(0x000000cf58700000,0x000000cf58800000)]
  0x0000024eb7468800 JavaThread "block-manager-slave-async-thread-pool-1" daemon [_thread_blocked, id=15428, stack(0x000000cf58600000,0x000000cf58700000)]
  0x0000024eb746e800 JavaThread "block-manager-slave-async-thread-pool-0" daemon [_thread_blocked, id=17296, stack(0x000000cf58500000,0x000000cf58600000)]
  0x0000024eb746f800 JavaThread "task-result-getter-1" daemon [_thread_blocked, id=4296, stack(0x000000cf58400000,0x000000cf58500000)]
  0x0000024eb7466800 JavaThread "task-result-getter-0" daemon [_thread_blocked, id=8652, stack(0x000000cf58300000,0x000000cf58400000)]
  0x0000024eb7465800 JavaThread "Executor task launch worker for task 4" daemon [_thread_blocked, id=1328, stack(0x000000cf58200000,0x000000cf58300000)]
  0x0000024eb7467000 JavaThread "Executor task launch worker for task 3" daemon [_thread_blocked, id=15540, stack(0x000000cf58100000,0x000000cf58200000)]
  0x0000024eb7468000 JavaThread "streaming-job-executor-0" daemon [_thread_blocked, id=21520, stack(0x000000cf58000000,0x000000cf58100000)]
  0x0000024eb746d000 JavaThread "RecurringTimer - JobGenerator" daemon [_thread_blocked, id=17780, stack(0x000000cf57f00000,0x000000cf58000000)]
  0x0000024eb746c800 JavaThread "kafka-coordinator-heartbeat-thread | DWD_ORDER_group" daemon [_thread_blocked, id=21228, stack(0x000000cf57e00000,0x000000cf57f00000)]
  0x0000024eb7465000 JavaThread "kafka-coordinator-heartbeat-thread | DWD_ORDER_group" daemon [_thread_blocked, id=21188, stack(0x000000cf57d00000,0x000000cf57e00000)]
  0x0000024eb746b800 JavaThread "scala-execution-context-global-61" daemon [_thread_blocked, id=24736, stack(0x000000cf57c00000,0x000000cf57d00000)]
  0x0000024eb7469800 JavaThread "scala-execution-context-global-60" daemon [_thread_blocked, id=22220, stack(0x000000cf57b00000,0x000000cf57c00000)]
  0x0000024eb746b000 JavaThread "JobGenerator" daemon [_thread_blocked, id=19104, stack(0x000000cf57a00000,0x000000cf57b00000)]
  0x0000024eb746a000 JavaThread "JobScheduler" daemon [_thread_blocked, id=17812, stack(0x000000cf57900000,0x000000cf57a00000)]
  0x0000024eac8cc000 JavaThread "spark-listener-group-shared" daemon [_thread_blocked, id=25436, stack(0x000000cf57700000,0x000000cf57800000)]
  0x0000024eac8ca800 JavaThread "kafka-producer-network-thread | producer-1" daemon [_thread_in_native, id=19676, stack(0x000000cf57600000,0x000000cf57700000)]
  0x0000024eac8ca000 JavaThread "commons-pool-evictor-thread" daemon [_thread_blocked, id=16480, stack(0x000000cf57400000,0x000000cf57500000)]
  0x0000024eac8c9000 JavaThread "element-tracking-store-worker" daemon [_thread_blocked, id=14600, stack(0x000000cf57300000,0x000000cf57400000)]
  0x0000024eac8cd000 JavaThread "spark-listener-group-executorManagement" daemon [_thread_blocked, id=14976, stack(0x000000cf57200000,0x000000cf57300000)]
  0x0000024eac8ce800 JavaThread "spark-listener-group-appStatus" daemon [_thread_blocked, id=21092, stack(0x000000cf57100000,0x000000cf57200000)]
  0x0000024eac8c7800 JavaThread "context-cleaner-periodic-gc" daemon [_thread_blocked, id=25564, stack(0x000000cf57000000,0x000000cf57100000)]
  0x0000024eac8c8800 JavaThread "Spark Context Cleaner" daemon [_thread_blocked, id=17336, stack(0x000000cf56f00000,0x000000cf57000000)]
  0x0000024eac8cb800 JavaThread "shuffle-boss-6-1" daemon [_thread_in_native, id=17524, stack(0x000000cf56e00000,0x000000cf56f00000)]
  0x0000024eac8cd800 JavaThread "executor-heartbeater" daemon [_thread_blocked, id=21076, stack(0x000000cf56d00000,0x000000cf56e00000)]
  0x0000024eac8c0000 JavaThread "driver-heartbeater" daemon [_thread_blocked, id=348, stack(0x000000cf56c00000,0x000000cf56d00000)]
  0x0000024eac8c7000 JavaThread "dag-scheduler-event-loop" daemon [_thread_in_Java, id=16580, stack(0x000000cf56b00000,0x000000cf56c00000)]
  0x0000024eac8bf800 JavaThread "Timer-1" daemon [_thread_blocked, id=16088, stack(0x000000cf56a00000,0x000000cf56b00000)]
  0x0000024eac8c4800 JavaThread "Timer-0" daemon [_thread_blocked, id=7732, stack(0x000000cf56900000,0x000000cf56a00000)]
  0x0000024eac8c4000 JavaThread "netty-rpc-env-timeout" daemon [_thread_blocked, id=23632, stack(0x000000cf56800000,0x000000cf56900000)]
  0x0000024eac8c6000 JavaThread "heartbeat-receiver-event-loop-thread" daemon [_thread_blocked, id=6224, stack(0x000000cf56700000,0x000000cf56800000)]
  0x0000024eac8c2800 JavaThread "SparkUI-40" daemon [_thread_blocked, id=20524, stack(0x000000cf56600000,0x000000cf56700000)]
  0x0000024eac8c1800 JavaThread "SparkUI-39" daemon [_thread_blocked, id=16880, stack(0x000000cf56500000,0x000000cf56600000)]
  0x0000024eac8c1000 JavaThread "SparkUI-38" daemon [_thread_blocked, id=18460, stack(0x000000cf56400000,0x000000cf56500000)]
  0x0000024eac8c3000 JavaThread "SparkUI-37-acceptor-0@76068438-ServerConnector@78c17488{HTTP/1.1,[http/1.1]}{0.0.0.0:4040}" daemon [_thread_in_native, id=15840, stack(0x000000cf56300000,0x000000cf56400000)]
  0x0000024eac8c5800 JavaThread "SparkUI-36" daemon [_thread_in_native, id=24832, stack(0x000000cf56200000,0x000000cf56300000)]
  0x0000024eae22c000 JavaThread "SparkUI-35" daemon [_thread_in_native, id=8852, stack(0x000000cf56100000,0x000000cf56200000)]
  0x0000024eae22b000 JavaThread "SparkUI-34" daemon [_thread_in_native, id=4080, stack(0x000000cf56000000,0x000000cf56100000)]
  0x0000024eae22a800 JavaThread "SparkUI-33" daemon [_thread_in_native, id=20416, stack(0x000000cf55f00000,0x000000cf56000000)]
  0x0000024eae227800 JavaThread "RemoteBlock-temp-file-clean-thread" daemon [_thread_blocked, id=16896, stack(0x000000cf55e00000,0x000000cf55f00000)]
  0x0000024eae229000 JavaThread "dispatcher-BlockManagerEndpoint1" daemon [_thread_blocked, id=10000, stack(0x000000cf55d00000,0x000000cf55e00000)]
  0x0000024eae22d800 JavaThread "dispatcher-BlockManagerMaster" daemon [_thread_blocked, id=15424, stack(0x000000cf55c00000,0x000000cf55d00000)]
  0x0000024eae229800 JavaThread "map-output-dispatcher-7" daemon [_thread_blocked, id=19020, stack(0x000000cf55b00000,0x000000cf55c00000)]
  0x0000024eae228000 JavaThread "map-output-dispatcher-6" daemon [_thread_blocked, id=25376, stack(0x000000cf55a00000,0x000000cf55b00000)]
  0x0000024eae22c800 JavaThread "map-output-dispatcher-5" daemon [_thread_blocked, id=9600, stack(0x000000cf55900000,0x000000cf55a00000)]
  0x0000024eae22e000 JavaThread "map-output-dispatcher-4" daemon [_thread_blocked, id=220, stack(0x000000cf55800000,0x000000cf55900000)]
  0x0000024eae225800 JavaThread "map-output-dispatcher-3" daemon [_thread_blocked, id=25040, stack(0x000000cf55700000,0x000000cf55800000)]
  0x0000024eae225000 JavaThread "map-output-dispatcher-2" daemon [_thread_blocked, id=16848, stack(0x000000cf55600000,0x000000cf55700000)]
  0x0000024eae224000 JavaThread "map-output-dispatcher-1" daemon [_thread_blocked, id=3964, stack(0x000000cf55500000,0x000000cf55600000)]
  0x0000024eae976800 JavaThread "map-output-dispatcher-0" daemon [_thread_blocked, id=14284, stack(0x000000cf55400000,0x000000cf55500000)]
  0x0000024eaeaef800 JavaThread "dispatcher-event-loop-3" daemon [_thread_blocked, id=24016, stack(0x000000cf55300000,0x000000cf55400000)]
  0x0000024eabe17800 JavaThread "dispatcher-event-loop-2" daemon [_thread_blocked, id=23088, stack(0x000000cf55200000,0x000000cf55300000)]
  0x0000024eae203000 JavaThread "dispatcher-event-loop-1" daemon [_thread_blocked, id=19872, stack(0x000000cf55100000,0x000000cf55200000)]
  0x0000024eadd7a800 JavaThread "dispatcher-event-loop-0" daemon [_thread_blocked, id=24540, stack(0x000000cf55000000,0x000000cf55100000)]
  0x0000024eaeae8800 JavaThread "rpc-boss-3-1" daemon [_thread_in_native, id=15472, stack(0x000000cf54f00000,0x000000cf55000000)]
  0x0000024eab861000 JavaThread "Service Thread" daemon [_thread_blocked, id=4172, stack(0x000000cf54d00000,0x000000cf54e00000)]
  0x0000024eab7bc800 JavaThread "C1 CompilerThread3" daemon [_thread_in_vm, id=8568, stack(0x000000cf54c00000,0x000000cf54d00000)]
=>0x0000024eab7b4800 JavaThread "C2 CompilerThread2" daemon [_thread_in_native, id=7520, stack(0x000000cf54b00000,0x000000cf54c00000)]
  0x0000024eab7b4000 JavaThread "C2 CompilerThread1" daemon [_thread_in_native, id=11984, stack(0x000000cf54a00000,0x000000cf54b00000)]
  0x0000024eab7a1800 JavaThread "C2 CompilerThread0" daemon [_thread_in_native, id=2484, stack(0x000000cf54900000,0x000000cf54a00000)]
  0x0000024eab785000 JavaThread "JDWP Command Reader" daemon [_thread_in_native, id=9980, stack(0x000000cf54800000,0x000000cf54900000)]
  0x0000024eab784000 JavaThread "JDWP Event Helper Thread" daemon [_thread_blocked, id=15900, stack(0x000000cf54700000,0x000000cf54800000)]
  0x0000024ea9b76800 JavaThread "JDWP Transport Listener: dt_socket" daemon [_thread_blocked, id=23680, stack(0x000000cf54600000,0x000000cf54700000)]
  0x0000024eab782800 JavaThread "Attach Listener" daemon [_thread_blocked, id=16320, stack(0x000000cf54500000,0x000000cf54600000)]
  0x0000024ea9b4c000 JavaThread "Signal Dispatcher" daemon [_thread_blocked, id=23028, stack(0x000000cf54400000,0x000000cf54500000)]
  0x0000024ea9b24000 JavaThread "Finalizer" daemon [_thread_blocked, id=15736, stack(0x000000cf54300000,0x000000cf54400000)]
  0x0000024e903c9800 JavaThread "Reference Handler" daemon [_thread_blocked, id=7068, stack(0x000000cf54200000,0x000000cf54300000)]
  0x0000024e8ea1d800 JavaThread "main" [_thread_blocked, id=19256, stack(0x000000cf53800000,0x000000cf53900000)]

Other Threads:
  0x0000024ea9af1800 VMThread [stack: 0x000000cf54100000,0x000000cf54200000] [id=22432]
  0x0000024eab92c800 WatcherThread [stack: 0x000000cf54e00000,0x000000cf54f00000] [id=20996]

VM state:not at safepoint (normal execution)

VM Mutex/Monitor currently owned by a thread:  ([mutex/lock_event])
[0x0000024e8ea05180] CompiledIC_lock - owner thread: 0x0000024eab7bc800

heap address: 0x00000006c1400000, size: 4076 MB, Compressed Oops mode: Zero based, Oop shift amount: 3
Narrow klass base: 0x0000000000000000, Narrow klass shift: 3
Compressed class space size: 1073741824 Address: 0x00000007c0000000

Heap:
 PSYoungGen      total 141824K, used 59505K [0x000000076b180000, 0x0000000774f00000, 0x00000007c0000000)
  eden space 136192K, 39% used [0x000000076b180000,0x000000076e6763e8,0x0000000773680000)
  from space 5632K, 93% used [0x0000000774980000,0x0000000774ea6048,0x0000000774f00000)
  to   space 11264K, 0% used [0x0000000773900000,0x0000000773900000,0x0000000774400000)
 ParOldGen       total 291328K, used 17800K [0x00000006c1400000, 0x00000006d3080000, 0x000000076b180000)
  object space 291328K, 6% used [0x00000006c1400000,0x00000006c2562358,0x00000006d3080000)
 Metaspace       used 60950K, capacity 68748K, committed 68864K, reserved 1107968K
  class space    used 8545K, capacity 9443K, committed 9472K, reserved 1048576K

Card table byte_map: [0x0000024e9faf0000,0x0000024ea02f0000] byte_map_base: 0x0000024e9c4e6000

Marking Bits: (ParMarkBitMap*) 0x0000000053d98030
 Begin Bits: [0x0000024ea0840000, 0x0000024ea47f0000)
 End Bits:   [0x0000024ea47f0000, 0x0000024ea87a0000)

Polling page: 0x0000024e8e960000

CodeCache: size=245760Kb used=12682Kb max_used=12866Kb free=233077Kb
 bounds [0x0000024e90730000, 0x0000024e913d0000, 0x0000024e9f730000]
 total_blobs=4728 nmethods=3928 adapters=719
 compilation: enabled

Compilation events (10 events):
Event: 18.914 Thread 0x0000024eab7a1800 nmethod 4413 0x0000024e913bd750 code [0x0000024e913bd880, 0x0000024e913bd938]
Event: 18.915 Thread 0x0000024eab7b4000 4414       4       java.util.Arrays::fill (28 bytes)
Event: 18.917 Thread 0x0000024eab7b4000 nmethod 4414 0x0000024e913bd2d0 code [0x0000024e913bd420, 0x0000024e913bd5b8]
Event: 18.919 Thread 0x0000024eab7bc800 4415       3       org.apache.xbean.asm7.ClassReader::readField (667 bytes)
Event: 18.920 Thread 0x0000024eab7a1800 4417       4       org.apache.xbean.asm7.ClassReader::readMethod (1052 bytes)
Event: 18.920 Thread 0x0000024eab7b4000 4418       4       org.apache.xbean.asm7.ClassReader::readVerificationTypeInfo (184 bytes)
Event: 18.924 Thread 0x0000024eab7bc800 nmethod 4415 0x0000024e913c4910 code [0x0000024e913c4e60, 0x0000024e913c8760]
Event: 18.924 Thread 0x0000024eab7bc800 4416       3       org.apache.xbean.asm7.ClassVisitor::visitField (24 bytes)
Event: 18.925 Thread 0x0000024eab7bc800 nmethod 4416 0x0000024e913bcdd0 code [0x0000024e913bcf40, 0x0000024e913bd1f0]
Event: 18.936 Thread 0x0000024eab7bc800 4420       3       scala.Tuple2::_2$mcI$sp (8 bytes)

GC Heap History (10 events):
Event: 8.299 GC heap before
{Heap before GC invocations=7 (full 2):
 PSYoungGen      total 94208K, used 83456K [0x000000076b180000, 0x0000000771980000, 0x00000007c0000000)
  eden space 83456K, 100% used [0x000000076b180000,0x0000000770300000,0x0000000770300000)
  from space 10752K, 0% used [0x0000000770d80000,0x0000000770d80000,0x0000000771800000)
  to   space 10752K, 0% used [0x0000000770300000,0x0000000770300000,0x0000000770d80000)
 ParOldGen       total 200704K, used 11374K [0x00000006c1400000, 0x00000006cd800000, 0x000000076b180000)
  object space 200704K, 5% used [0x00000006c1400000,0x00000006c1f1bba0,0x00000006cd800000)
 Metaspace       used 40524K, capacity 42770K, committed 42880K, reserved 1087488K
  class space    used 5500K, capacity 5749K, committed 5760K, reserved 1048576K
Event: 8.305 GC heap after
Heap after GC invocations=7 (full 2):
 PSYoungGen      total 94208K, used 7475K [0x000000076b180000, 0x0000000772f00000, 0x00000007c0000000)
  eden space 83456K, 0% used [0x000000076b180000,0x000000076b180000,0x0000000770300000)
  from space 10752K, 69% used [0x0000000770300000,0x0000000770a4ce50,0x0000000770d80000)
  to   space 9728K, 0% used [0x0000000772580000,0x0000000772580000,0x0000000772f00000)
 ParOldGen       total 200704K, used 11382K [0x00000006c1400000, 0x00000006cd800000, 0x000000076b180000)
  object space 200704K, 5% used [0x00000006c1400000,0x00000006c1f1dba0,0x00000006cd800000)
 Metaspace       used 40524K, capacity 42770K, committed 42880K, reserved 1087488K
  class space    used 5500K, capacity 5749K, committed 5760K, reserved 1048576K
}
Event: 9.063 GC heap before
{Heap before GC invocations=8 (full 2):
 PSYoungGen      total 94208K, used 90931K [0x000000076b180000, 0x0000000772f00000, 0x00000007c0000000)
  eden space 83456K, 100% used [0x000000076b180000,0x0000000770300000,0x0000000770300000)
  from space 10752K, 69% used [0x0000000770300000,0x0000000770a4ce50,0x0000000770d80000)
  to   space 9728K, 0% used [0x0000000772580000,0x0000000772580000,0x0000000772f00000)
 ParOldGen       total 200704K, used 11398K [0x00000006c1400000, 0x00000006cd800000, 0x000000076b180000)
  object space 200704K, 5% used [0x00000006c1400000,0x00000006c1f21810,0x00000006cd800000)
 Metaspace       used 47556K, capacity 50234K, committed 50432K, reserved 1093632K
  class space    used 6298K, capacity 6589K, committed 6656K, reserved 1048576K
Event: 9.073 GC heap after
Heap after GC invocations=8 (full 2):
 PSYoungGen      total 118272K, used 9167K [0x000000076b180000, 0x0000000773500000, 0x00000007c0000000)
  eden space 108544K, 0% used [0x000000076b180000,0x000000076b180000,0x0000000771b80000)
  from space 9728K, 94% used [0x0000000772580000,0x0000000772e73d70,0x0000000772f00000)
  to   space 10240K, 0% used [0x0000000771b80000,0x0000000771b80000,0x0000000772580000)
 ParOldGen       total 200704K, used 11406K [0x00000006c1400000, 0x00000006cd800000, 0x000000076b180000)
  object space 200704K, 5% used [0x00000006c1400000,0x00000006c1f23810,0x00000006cd800000)
 Metaspace       used 47556K, capacity 50234K, committed 50432K, reserved 1093632K
  class space    used 6298K, capacity 6589K, committed 6656K, reserved 1048576K
}
Event: 14.263 GC heap before
{Heap before GC invocations=9 (full 2):
 PSYoungGen      total 118272K, used 102398K [0x000000076b180000, 0x0000000773500000, 0x00000007c0000000)
  eden space 108544K, 85% used [0x000000076b180000,0x0000000770c8bc68,0x0000000771b80000)
  from space 9728K, 94% used [0x0000000772580000,0x0000000772e73d70,0x0000000772f00000)
  to   space 10240K, 0% used [0x0000000771b80000,0x0000000771b80000,0x0000000772580000)
 ParOldGen       total 200704K, used 11406K [0x00000006c1400000, 0x00000006cd800000, 0x000000076b180000)
  object space 200704K, 5% used [0x00000006c1400000,0x00000006c1f23810,0x00000006cd800000)
 Metaspace       used 54908K, capacity 59102K, committed 59160K, reserved 1101824K
  class space    used 7411K, capacity 7880K, committed 7936K, reserved 1048576K
Event: 14.277 GC heap after
Heap after GC invocations=9 (full 2):
 PSYoungGen      total 118784K, used 9984K [0x000000076b180000, 0x0000000775480000, 0x00000007c0000000)
  eden space 108544K, 0% used [0x000000076b180000,0x000000076b180000,0x0000000771b80000)
  from space 10240K, 97% used [0x0000000771b80000,0x0000000772540068,0x0000000772580000)
  to   space 11264K, 0% used [0x0000000774980000,0x0000000774980000,0x0000000775480000)
 ParOldGen       total 200704K, used 11414K [0x00000006c1400000, 0x00000006cd800000, 0x000000076b180000)
  object space 200704K, 5% used [0x00000006c1400000,0x00000006c1f25810,0x00000006cd800000)
 Metaspace       used 54908K, capacity 59102K, committed 59160K, reserved 1101824K
  class space    used 7411K, capacity 7880K, committed 7936K, reserved 1048576K
}
Event: 14.277 GC heap before
{Heap before GC invocations=10 (full 3):
 PSYoungGen      total 118784K, used 9984K [0x000000076b180000, 0x0000000775480000, 0x00000007c0000000)
  eden space 108544K, 0% used [0x000000076b180000,0x000000076b180000,0x0000000771b80000)
  from space 10240K, 97% used [0x0000000771b80000,0x0000000772540068,0x0000000772580000)
  to   space 11264K, 0% used [0x0000000774980000,0x0000000774980000,0x0000000775480000)
 ParOldGen       total 200704K, used 11414K [0x00000006c1400000, 0x00000006cd800000, 0x000000076b180000)
  object space 200704K, 5% used [0x00000006c1400000,0x00000006c1f25810,0x00000006cd800000)
 Metaspace       used 54908K, capacity 59102K, committed 59160K, reserved 1101824K
  class space    used 7411K, capacity 7880K, committed 7936K, reserved 1048576K
Event: 14.467 GC heap after
Heap after GC invocations=10 (full 3):
 PSYoungGen      total 118784K, used 0K [0x000000076b180000, 0x0000000775480000, 0x00000007c0000000)
  eden space 108544K, 0% used [0x000000076b180000,0x000000076b180000,0x0000000771b80000)
  from space 10240K, 0% used [0x0000000771b80000,0x0000000771b80000,0x0000000772580000)
  to   space 11264K, 0% used [0x0000000774980000,0x0000000774980000,0x0000000775480000)
 ParOldGen       total 291328K, used 17786K [0x00000006c1400000, 0x00000006d3080000, 0x000000076b180000)
  object space 291328K, 6% used [0x00000006c1400000,0x00000006c255eb10,0x00000006d3080000)
 Metaspace       used 54774K, capacity 58768K, committed 59160K, reserved 1101824K
  class space    used 7365K, capacity 7807K, committed 7936K, reserved 1048576K
}
Event: 16.818 GC heap before
{Heap before GC invocations=11 (full 3):
 PSYoungGen      total 118784K, used 108544K [0x000000076b180000, 0x0000000775480000, 0x00000007c0000000)
  eden space 108544K, 100% used [0x000000076b180000,0x0000000771b80000,0x0000000771b80000)
  from space 10240K, 0% used [0x0000000771b80000,0x0000000771b80000,0x0000000772580000)
  to   space 11264K, 0% used [0x0000000774980000,0x0000000774980000,0x0000000775480000)
 ParOldGen       total 291328K, used 17792K [0x00000006c1400000, 0x00000006d3080000, 0x000000076b180000)
  object space 291328K, 6% used [0x00000006c1400000,0x00000006c2560358,0x00000006d3080000)
 Metaspace       used 59199K, capacity 65880K, committed 66176K, reserved 1105920K
  class space    used 8220K, capacity 8968K, committed 9088K, reserved 1048576K
Event: 16.830 GC heap after
Heap after GC invocations=11 (full 3):
 PSYoungGen      total 141824K, used 5272K [0x000000076b180000, 0x0000000774f00000, 0x00000007c0000000)
  eden space 136192K, 0% used [0x000000076b180000,0x000000076b180000,0x0000000773680000)
  from space 5632K, 93% used [0x0000000774980000,0x0000000774ea6048,0x0000000774f00000)
  to   space 11264K, 0% used [0x0000000773900000,0x0000000773900000,0x0000000774400000)
 ParOldGen       total 291328K, used 17800K [0x00000006c1400000, 0x00000006d3080000, 0x000000076b180000)
  object space 291328K, 6% used [0x00000006c1400000,0x00000006c2562358,0x00000006d3080000)
 Metaspace       used 59199K, capacity 65880K, committed 66176K, reserved 1105920K
  class space    used 8220K, capacity 8968K, committed 9088K, reserved 1048576K
}

Deoptimization events (10 events):
Event: 16.791 Thread 0x0000024eb7467000 Uncommon trap: reason=unstable_if action=reinterpret pc=0x0000024e9084060c method=jdk.internal.org.objectweb.asm.MethodWriter.visitVarInsn(II)V @ 134
Event: 16.791 Thread 0x0000024eb7467000 Uncommon trap: reason=unstable_if action=reinterpret pc=0x0000024e9122e8a8 method=java.lang.invoke.InvokerBytecodeGenerator.isStaticallyInvocable(Ljava/lang/invoke/MemberName;)Z @ 146
Event: 16.791 Thread 0x0000024eb7467000 Uncommon trap: reason=class_check action=maybe_recompile pc=0x0000024e91208b10 method=java.lang.invoke.InvokerBytecodeGenerator.emitReferenceCast(Ljava/lang/Class;Ljava/lang/Object;)V @ 3
Event: 17.062 Thread 0x0000024eb7467000 Uncommon trap: reason=predicate action=maybe_recompile pc=0x0000024e90ab271c method=java.util.Arrays.fill([Ljava/lang/Object;Ljava/lang/Object;)V @ 10
Event: 17.120 Thread 0x0000024eb7468000 Uncommon trap: reason=class_check action=maybe_recompile pc=0x0000024e912555a4 method=org.apache.xbean.asm7.ClassReader.readCode(Lorg/apache/xbean/asm7/MethodVisitor;Lorg/apache/xbean/asm7/Context;I)V @ 3875
Event: 17.124 Thread 0x0000024eb7468000 Uncommon trap: reason=unstable_if action=reinterpret pc=0x0000024e91344924 method=org.apache.xbean.asm7.ClassReader.readUTF8(I[C)Ljava/lang/String; @ 11
Event: 17.165 Thread 0x0000024eb7467000 Uncommon trap: reason=array_check action=maybe_recompile pc=0x0000024e91333f04 method=java.util.Arrays.fill([Ljava/lang/Object;Ljava/lang/Object;)V @ 13
Event: 17.188 Thread 0x0000024eb7465800 Uncommon trap: reason=array_check action=maybe_recompile pc=0x0000024e91333f04 method=java.util.Arrays.fill([Ljava/lang/Object;Ljava/lang/Object;)V @ 13
Event: 17.196 Thread 0x0000024eb7471000 Uncommon trap: reason=array_check action=maybe_recompile pc=0x0000024e91333f04 method=java.util.Arrays.fill([Ljava/lang/Object;Ljava/lang/Object;)V @ 13
Event: 18.913 Thread 0x0000024eb7468000 Uncommon trap: reason=class_check action=maybe_recompile pc=0x0000024e912555a4 method=org.apache.xbean.asm7.ClassReader.readCode(Lorg/apache/xbean/asm7/MethodVisitor;Lorg/apache/xbean/asm7/Context;I)V @ 3875

Classes redefined (0 events):
No events

Internal exceptions (10 events):
Event: 16.879 Thread 0x0000024eae229000 Exception <a 'java/lang/NoSuchMethodError': java.lang.Object.$anonfun$foreach$1$adapted(Lscala/Function1;Lscala/util/Try;)Ljava/lang/Object;> (0x000000076b801df8) thrown at [C:\jenkins\workspace\8-2-build-windows-amd64-cygwin\jdk8u311\1894\hotspot\src\sha
Event: 16.879 Thread 0x0000024eae229000 Exception <a 'java/lang/NoSuchMethodError': java.lang.Object.$anonfun$failed$1(Lscala/util/Try;)Lscala/util/Try;> (0x000000076b806e20) thrown at [C:\jenkins\workspace\8-2-build-windows-amd64-cygwin\jdk8u311\1894\hotspot\src\share\vm\interpreter\linkResolv
Event: 16.879 Thread 0x0000024eae22d800 Exception <a 'java/lang/NoSuchMethodError': java.lang.Object.$anonfun$zipWith$1(Lscala/concurrent/Future;Lscala/Function2;Lscala/concurrent/ExecutionContext;Ljava/lang/Object;)Lscala/concurrent/Future;> (0x000000076b9a9100) thrown at [C:\jenkins\workspace
Event: 16.880 Thread 0x0000024eae22d800 Exception <a 'java/lang/NoSuchMethodError': java.lang.Object.$anonfun$zipWith$2(Lscala/Function2;Ljava/lang/Object;Ljava/lang/Object;)Ljava/lang/Object;> (0x000000076b9b02e8) thrown at [C:\jenkins\workspace\8-2-build-windows-amd64-cygwin\jdk8u311\1894\hot
Event: 16.900 Thread 0x0000024eb746e800 Exception <a 'java/lang/NoSuchMethodError': java.lang.Object.$anonfun$size$1$adapted(Lscala/runtime/IntRef;Ljava/lang/Object;)Ljava/lang/Object;> (0x000000076be0a970) thrown at [C:\jenkins\workspace\8-2-build-windows-amd64-cygwin\jdk8u311\1894\hotspot\src
Event: 17.060 Thread 0x0000024eb7467000 Exception <a 'java/lang/NoSuchMethodError': java.lang.Object.$anonfun$formatLocal$1(Lscala/collection/immutable/StringLike;Ljava/lang/Object;)Ljava/lang/Object;> (0x000000076d00cba0) thrown at [C:\jenkins\workspace\8-2-build-windows-amd64-cygwin\jdk8u311\
Event: 17.063 Thread 0x0000024eb7467000 Exception <a 'java/lang/NoSuchMethodError': <clinit>> (0x000000076d014a38) thrown at [C:\jenkins\workspace\8-2-build-windows-amd64-cygwin\jdk8u311\1894\hotspot\src\share\vm\prims\jni.cpp, line 1615]
Event: 18.573 Thread 0x0000024eac8c0000 Exception <a 'java/io/IOException': CreateProcess error=2, ç³»ç»Ÿæ‰¾ä¸åˆ°æŒ‡å®šçš„æ–‡ä»¶ã€‚> (0x000000076de7b648) thrown at [C:\jenkins\workspace\8-2-build-windows-amd64-cygwin\jdk8u311\1894\hotspot\src\share\vm\prims\jni.cpp, line 737]
Event: 18.576 Thread 0x0000024eac8c0000 Exception <a 'sun/nio/fs/WindowsException'> (0x000000076de8d770) thrown at [C:\jenkins\workspace\8-2-build-windows-amd64-cygwin\jdk8u311\1894\hotspot\src\share\vm\prims\jni.cpp, line 710]
Event: 18.576 Thread 0x0000024eac8c0000 Exception <a 'sun/nio/fs/WindowsException'> (0x000000076de8dc98) thrown at [C:\jenkins\workspace\8-2-build-windows-amd64-cygwin\jdk8u311\1894\hotspot\src\share\vm\prims\jni.cpp, line 710]

Events (10 events):
Event: 18.906 Executing VM operation: RevokeBias done
Event: 18.906 Executing VM operation: RevokeBias
Event: 18.906 Executing VM operation: RevokeBias done
Event: 18.913 Thread 0x0000024eb7468000 Uncommon trap: trap_request=0xffffffde fr.pc=0x0000024e912555a4
Event: 18.913 Thread 0x0000024eb7468000 DEOPT PACKING pc=0x0000024e912555a4 sp=0x000000cf580fdd60
Event: 18.913 Thread 0x0000024eb7468000 DEOPT UNPACKING pc=0x0000024e907758c3 sp=0x000000cf580fdd00 mode 2
Event: 18.931 Executing VM operation: RevokeBias
Event: 18.932 Executing VM operation: RevokeBias done
Event: 18.936 Executing VM operation: RevokeBias
Event: 18.936 Executing VM operation: RevokeBias done


Dynamic libraries:
0x00007ff7f27e0000 - 0x00007ff7f2827000 	D:\Java\jdk1.8.0_311\bin\java.exe
0x00007ffdc8f20000 - 0x00007ffdc90fb000 	C:\Windows\SYSTEM32\ntdll.dll
0x00007ffdc7e80000 - 0x00007ffdc7f2e000 	C:\Windows\System32\KERNEL32.DLL
0x00007ffdc6230000 - 0x00007ffdc6479000 	C:\Windows\System32\KERNELBASE.dll
0x00007ffdc8280000 - 0x00007ffdc8321000 	C:\Windows\System32\ADVAPI32.dll
0x00007ffdc7de0000 - 0x00007ffdc7e7d000 	C:\Windows\System32\msvcrt.dll
0x00007ffdc65e0000 - 0x00007ffdc6639000 	C:\Windows\System32\sechost.dll
0x00007ffdc8080000 - 0x00007ffdc81a5000 	C:\Windows\System32\RPCRT4.dll
0x00007ffdc85b0000 - 0x00007ffdc86fa000 	C:\Windows\System32\USER32.dll
0x00007ffdc5670000 - 0x00007ffdc568e000 	C:\Windows\System32\win32u.dll
0x00007ffdc7f90000 - 0x00007ffdc7fb7000 	C:\Windows\System32\GDI32.dll
0x00007ffdc5440000 - 0x00007ffdc55c9000 	C:\Windows\System32\gdi32full.dll
0x00007ffdc55d0000 - 0x00007ffdc566a000 	C:\Windows\System32\msvcp_win.dll
0x00007ffdc5d90000 - 0x00007ffdc5e86000 	C:\Windows\System32\ucrtbase.dll
0x00007ffdb0d60000 - 0x00007ffdb0fc7000 	C:\Windows\WinSxS\amd64_microsoft.windows.common-controls_6595b64144ccf1df_6.0.15063.0_none_108e4f62dfe5d999\COMCTL32.dll
0x00007ffdc6640000 - 0x00007ffdc6939000 	C:\Windows\System32\combase.dll
0x00007ffdc61c0000 - 0x00007ffdc622a000 	C:\Windows\System32\bcryptPrimitives.dll
0x00007ffdc8b60000 - 0x00007ffdc8b8d000 	C:\Windows\System32\IMM32.DLL
0x0000000056140000 - 0x000000005614c000 	C:\Program Files (x86)\360\360Safe\safemon\SafeWrapper.dll
0x00007ffdb9750000 - 0x00007ffdb97e2000 	C:\Program Files (x86)\360\360Safe\safemon\libzdtp64.dll
0x00007ffdc6940000 - 0x00007ffdc7d77000 	C:\Windows\System32\SHELL32.dll
0x00007ffdc5e90000 - 0x00007ffdc5ed9000 	C:\Windows\System32\cfgmgr32.dll
0x00007ffdc8df0000 - 0x00007ffdc8e9a000 	C:\Windows\System32\shcore.dll
0x00007ffdc5690000 - 0x00007ffdc5d82000 	C:\Windows\System32\windows.storage.dll
0x00007ffdc7d80000 - 0x00007ffdc7dd1000 	C:\Windows\System32\shlwapi.dll
0x00007ffdc5390000 - 0x00007ffdc53a1000 	C:\Windows\System32\kernel.appcore.dll
0x00007ffdc53b0000 - 0x00007ffdc53fc000 	C:\Windows\System32\powrprof.dll
0x00007ffdc5420000 - 0x00007ffdc5435000 	C:\Windows\System32\profapi.dll
0x00007ffdc50e0000 - 0x00007ffdc50ea000 	C:\Windows\SYSTEM32\VERSION.dll
0x00007ffda7350000 - 0x00007ffda7365000 	D:\Java\jdk1.8.0_311\jre\bin\vcruntime140.dll
0x00007ffda72b0000 - 0x00007ffda734b000 	D:\Java\jdk1.8.0_311\jre\bin\msvcp140.dll
0x00000000535b0000 - 0x0000000053e10000 	D:\Java\jdk1.8.0_311\jre\bin\server\jvm.dll
0x00007ffdc8060000 - 0x00007ffdc8068000 	C:\Windows\System32\PSAPI.DLL
0x00007ffdb58e0000 - 0x00007ffdb58e9000 	C:\Windows\SYSTEM32\WSOCK32.dll
0x00007ffdc30c0000 - 0x00007ffdc30e3000 	C:\Windows\SYSTEM32\WINMM.dll
0x00007ffdc8210000 - 0x00007ffdc827c000 	C:\Windows\System32\WS2_32.dll
0x00007ffdc2f80000 - 0x00007ffdc2fab000 	C:\Windows\SYSTEM32\winmmbase.dll
0x00007ffdc1070000 - 0x00007ffdc1080000 	D:\Java\jdk1.8.0_311\jre\bin\verify.dll
0x00007ffd9e410000 - 0x00007ffd9e43b000 	D:\Java\jdk1.8.0_311\jre\bin\java.dll
0x00007ffda9190000 - 0x00007ffda91c6000 	D:\Java\jdk1.8.0_311\jre\bin\jdwp.dll
0x00007ffdb9200000 - 0x00007ffdb9209000 	D:\Java\jdk1.8.0_311\jre\bin\npt.dll
0x00007ffda5830000 - 0x00007ffda5860000 	D:\Java\jdk1.8.0_311\jre\bin\instrument.dll
0x00007ffda00d0000 - 0x00007ffda00e8000 	D:\Java\jdk1.8.0_311\jre\bin\zip.dll
0x00007ffdb4d20000 - 0x00007ffdb4d2a000 	D:\Java\jdk1.8.0_311\jre\bin\dt_socket.dll
0x00007ffdc4340000 - 0x00007ffdc439c000 	C:\Windows\system32\mswsock.dll
0x00007ffd9fec0000 - 0x00007ffd9fedc000 	D:\Java\jdk1.8.0_311\jre\bin\net.dll
0x00007ffda73b0000 - 0x00007ffda73c6000 	C:\Windows\system32\napinsp.dll
0x00007ffda7370000 - 0x00007ffda738a000 	C:\Windows\system32\pnrpnsp.dll
0x00007ffdc18e0000 - 0x00007ffdc18f8000 	C:\Windows\system32\NLAapi.dll
0x00007ffdc4140000 - 0x00007ffdc41e4000 	C:\Windows\SYSTEM32\DNSAPI.dll
0x00007ffdc65d0000 - 0x00007ffdc65d8000 	C:\Windows\System32\NSI.dll
0x00007ffdc4800000 - 0x00007ffdc4837000 	C:\Windows\SYSTEM32\IPHLPAPI.DLL
0x00007ffda7210000 - 0x00007ffda721e000 	C:\Windows\System32\winrnr.dll
0x00007ffda7160000 - 0x00007ffda7175000 	C:\Windows\System32\wshbth.dll
0x0000000055710000 - 0x0000000055736000 	C:\Program Files\Bonjour\mdnsNSP.dll
0x00007ffdbb1f0000 - 0x00007ffdbb1fa000 	C:\Windows\System32\rasadhlp.dll
0x00007ffdbc640000 - 0x00007ffdbc6ab000 	C:\Windows\System32\fwpuclnt.dll
0x00007ffdc5260000 - 0x00007ffdc5285000 	C:\Windows\SYSTEM32\bcrypt.dll
0x00007ffdb4cf0000 - 0x00007ffdb4cfd000 	D:\Java\jdk1.8.0_311\jre\bin\management.dll
0x00007ffdb4b80000 - 0x00007ffdb4b8a000 	D:\Java\jdk1.8.0_311\jre\bin\w2k_lsa_auth.dll
0x00007ffdb97f0000 - 0x00007ffdb97fc000 	C:\Windows\SYSTEM32\Secur32.dll
0x00007ffdc52c0000 - 0x00007ffdc52f0000 	C:\Windows\SYSTEM32\SSPICLI.DLL
0x00007ffdafcc0000 - 0x00007ffdafcda000 	C:\Windows\System32\hadoop.dll
0x0000000054020000 - 0x00000000540f2000 	C:\Windows\SYSTEM32\MSVCR100.dll
0x00007ffdc47e0000 - 0x00007ffdc47f7000 	C:\Windows\SYSTEM32\NETAPI32.dll
0x00007ffdc3c60000 - 0x00007ffdc3ca8000 	C:\Windows\SYSTEM32\AUTHZ.dll
0x00007ffdc4770000 - 0x00007ffdc477d000 	C:\Windows\SYSTEM32\NETUTILS.DLL
0x00007ffdbcd00000 - 0x00007ffdbcd18000 	C:\Windows\SYSTEM32\SAMCLI.DLL
0x00007ffdb4610000 - 0x00007ffdb4619000 	D:\Java\jdk1.8.0_311\jre\bin\jaas_nt.dll
0x00007ffd9fda0000 - 0x00007ffd9fdb3000 	D:\Java\jdk1.8.0_311\jre\bin\nio.dll
0x00007ffdc4e40000 - 0x00007ffdc4e57000 	C:\Windows\SYSTEM32\CRYPTSP.dll
0x00007ffdc3fd0000 - 0x00007ffdc4004000 	C:\Windows\system32\rsaenh.dll
0x00007ffdc5290000 - 0x00007ffdc52b9000 	C:\Windows\SYSTEM32\USERENV.dll
0x00007ffdc47a0000 - 0x00007ffdc47ab000 	C:\Windows\SYSTEM32\CRYPTBASE.dll
0x00007ffdbff50000 - 0x00007ffdbff66000 	C:\Windows\SYSTEM32\dhcpcsvc6.DLL
0x00007ffdbfce0000 - 0x00007ffdbfcfa000 	C:\Windows\SYSTEM32\dhcpcsvc.DLL
0x0000000066f40000 - 0x0000000066fc3000 	C:\Users\PC\AppData\Local\Temp\liblz4-java-3664900967088781918.so
0x00007ffdc4f20000 - 0x00007ffdc50c9000 	C:\Windows\SYSTEM32\dbghelp.dll

VM Arguments:
jvm_args: -agentlib:jdwp=transport=dt_socket,address=127.0.0.1:64455,suspend=y,server=n -javaagent:C:\Users\PC\AppData\Local\JetBrains\IntelliJIdea2021.3\captureAgent\debugger-agent.jar -Dfile.encoding=UTF-8 
java_command: com.spark.kafka.dwd_2.dwdOrderKafkaES
java_class_path (initial): D:\Java\jdk1.8.0_311\jre\lib\charsets.jar;D:\Java\jdk1.8.0_311\jre\lib\deploy.jar;D:\Java\jdk1.8.0_311\jre\lib\ext\access-bridge-64.jar;D:\Java\jdk1.8.0_311\jre\lib\ext\cldrdata.jar;D:\Java\jdk1.8.0_311\jre\lib\ext\dnsns.jar;D:\Java\jdk1.8.0_311\jre\lib\ext\jaccess.jar;D:\Java\jdk1.8.0_311\jre\lib\ext\jfxrt.jar;D:\Java\jdk1.8.0_311\jre\lib\ext\localedata.jar;D:\Java\jdk1.8.0_311\jre\lib\ext\nashorn.jar;D:\Java\jdk1.8.0_311\jre\lib\ext\sunec.jar;D:\Java\jdk1.8.0_311\jre\lib\ext\sunjce_provider.jar;D:\Java\jdk1.8.0_311\jre\lib\ext\sunmscapi.jar;D:\Java\jdk1.8.0_311\jre\lib\ext\sunpkcs11.jar;D:\Java\jdk1.8.0_311\jre\lib\ext\zipfs.jar;D:\Java\jdk1.8.0_311\jre\lib\javaws.jar;D:\Java\jdk1.8.0_311\jre\lib\jce.jar;D:\Java\jdk1.8.0_311\jre\lib\jfr.jar;D:\Java\jdk1.8.0_311\jre\lib\jfxswt.jar;D:\Java\jdk1.8.0_311\jre\lib\jsse.jar;D:\Java\jdk1.8.0_311\jre\lib\management-agent.jar;D:\Java\jdk1.8.0_311\jre\lib\plugin.jar;D:\Java\jdk1.8.0_311\jre\lib\resources.jar;D:\Java\jdk1.8.0_311\jre\lib\rt.jar;D:\springboot_kafka\SparkKafka\target\classes;D:\apache-maven-3.8.4-bin\repo\com\alibaba\fastjson\1.2.62\fastjson-1.2.62.jar;D:\apache-maven-3.8.4-bin\repo\org\apache\spark\spark-core_2.12\3.0.0\spark-core_2.12-3.0.0.jar;D:\apache-maven-3.8.4-bin\repo\com\thoughtworks\paranamer\paranamer\2.8\paranamer-2.8.jar;D:\apache-maven-3.8.4-bin\repo\org\apache\avro\avro\1.8.2\avro-1.8.2.jar;D:\apache-maven-3.8.4-bin\repo\org\codehaus\jackson\jackson-core-asl\1.9.13\jackson-core-asl-1.9.13.jar;D:\apache-maven-3.8.4-bin\repo\org\codehaus\jackson\jackson-mapper-asl\1.9.13\jackson-mapper-asl-1.9.13.jar;D:\apache-maven-3.8.4-bin\repo\org\apache\commons\commons-compress\1.8.1\commons-compress-1.8.1.jar;D:\apache-maven-3.8.4-bin\repo\org\tukaani\xz\1.5\xz-1.5.jar;D:\apache-maven-3.8.4-bin\repo\org\apache\avro\avro-mapred\1.8.2\avro-mapred-1.8.2-hadoop2.jar;D:\apache-maven-3.8.4-bin\repo\org\apache\avro\avro-ipc\1.8.2\avro-ipc-1.8.2.jar;D:\apache-maven-3.8.4-bin\repo\com\twi
Launcher Type: SUN_STANDARD

Environment Variables:
JAVA_HOME=D:\Java\jdk1.8.0_311
CLASSPATH=.;D:\Java\jdk1.8.0_311\lib;D:\Java\jdk1.8.0_311\lib\tools.jar
PATH=C:\Program Files\NVIDIA GPU Computing Toolkit\CUDA\v10.1\bin;C:\Program Files\NVIDIA GPU Computing Toolkit\CUDA\v10.1\libnvvp;D:\secureCRT\;C:\Program Files (x86)\Common Files\Oracle\Java\javapath;C:\Program Files (x86)\VMware\VMware Workstation\bin\;C:\Windows\system32;C:\Windows;C:\Windows\System32\Wbem;C:\Windows\System32\WindowsPowerShell\v1.0\;C:\Program Files\Intel\WiFi\bin\;C:\Program Files\Common Files\Intel\WirelessCommon\;C:\Program Files (x86)\NVIDIA Corporation\PhysX\Common;D:\apache-maven-3.8.4-bin\apache-maven-3.8.4\bin;D:\Java\jdk1.8.0_311\bin;D:\Git\cmd;D:\hadoop-3.3.1\bin;D:\hadoop-3.3.1\sbin;C:\Program Files\nodejs\;D:\scala-2.12.11\scala-2.12.11\bin;C:\Program Files\NVIDIA Corporation\Nsight Compute 2019.4.0\;C:\Program Files\NVIDIA Corporation\NVIDIA NvDLISR;D:\Java\jdk1.8.0_311\jre\bin;D:\MIT\Kerberos\bin;C:\Users\PC\AppData\Local\Microsoft\WindowsApps;C:\Program Files\Intel\WiFi\bin\;C:\Program Files\Common Files\Intel\WirelessCommon\;D:\idea\IntelliJ IDEA 2021.3.2\bin;;D:\Microsoft VS Code\bin;C:\Users\PC\AppData\Roaming\npm;D:\PyCharm2021.3.2\bin;;D:\DataGrip2020.2.3\bin;
USERNAME=PC
OS=Windows_NT
PROCESSOR_IDENTIFIER=Intel64 Family 6 Model 60 Stepping 3, GenuineIntel



---------------  S Y S T E M  ---------------

OS: Windows 10.0 , 64 bit Build 15063 (10.0.15063.0)

CPU:total 8 (initial active 8) (4 cores per cpu, 2 threads per core) family 6 model 60 stepping 3, cmov, cx8, fxsr, mmx, sse, sse2, sse3, ssse3, sse4.1, sse4.2, popcnt, avx, avx2, aes, clmul, erms, lzcnt, ht, tsc, tscinvbit, bmi1, bmi2

Memory: 4k page, physical 16691564k(2778556k free), swap 32290672k(1464k free)

vm_info: Java HotSpot(TM) 64-Bit Server VM (25.311-b11) for windows-amd64 JRE (1.8.0_311-b11), built on Sep 27 2021 05:15:14 by "java_re" with MS VC++ 15.9 (VS2017)

time: Fri Jun 10 00:26:05 2022
timezone: ?D1¨²¡À¨º¡Á?¨º¡À??
elapsed time: 18.957881 seconds (0d 0h 0m 18s)

